This file contains any messages produced by compilers while
running configure, to aid debugging if configure makes a mistake.

It was created by libmicrohttpd configure 0.9.37, which was
generated by GNU Autoconf 2.69.  Invocation command line was

  $ ./configure 

## --------- ##
## Platform. ##
## --------- ##

hostname = iOStekiMac-mini.local
uname -m = x86_64
uname -r = 13.3.0
uname -s = Darwin
uname -v = Darwin Kernel Version 13.3.0: Tue Jun  3 21:27:35 PDT 2014; root:xnu-2422.110.17~1/RELEASE_X86_64

/usr/bin/uname -p = i386
/bin/uname -X     = unknown

/bin/arch              = unknown
/usr/bin/arch -k       = unknown
/usr/convex/getsysinfo = unknown
/usr/bin/hostinfo      = Mach kernel version:
	 Darwin Kernel Version 13.3.0: Tue Jun  3 21:27:35 PDT 2014; root:xnu-2422.110.17~1/RELEASE_X86_64
Kernel configured for up to 4 processors.
2 processors are physically available.
4 processors are logically available.
Processor type: i486 (Intel 80486)
Processors active: 0 1 2 3
Primary memory available: 4.00 gigabytes
Default processor set: 182 tasks, 893 threads, 4 processors
Load average: 1.40, Mach factor: 2.58
/bin/machine           = unknown
/usr/bin/oslevel       = unknown
/bin/universe          = unknown

PATH: /usr/bin
PATH: /bin
PATH: /usr/sbin
PATH: /sbin
PATH: /usr/local/bin


## ----------- ##
## Core tests. ##
## ----------- ##

configure:2489: checking for a BSD-compatible install
configure:2557: result: /usr/bin/install -c
configure:2568: checking whether build environment is sane
configure:2618: result: yes
configure:2759: checking for a thread-safe mkdir -p
configure:2798: result: ./install-sh -c -d
configure:2811: checking for gawk
configure:2841: result: no
configure:2811: checking for mawk
configure:2841: result: no
configure:2811: checking for nawk
configure:2841: result: no
configure:2811: checking for awk
configure:2827: found /usr/bin/awk
configure:2838: result: awk
configure:2849: checking whether make sets $(MAKE)
configure:2871: result: yes
configure:2900: checking whether make supports nested variables
configure:2917: result: yes
configure:3035: checking for gawk
configure:3062: result: awk
configure:3074: checking whether ln -s works
configure:3078: result: yes
configure:3085: checking whether make sets $(MAKE)
configure:3107: result: yes
configure:3120: checking build system type
configure:3134: result: x86_64-apple-darwin13.3.0
configure:3154: checking host system type
configure:3167: result: x86_64-apple-darwin13.3.0
configure:3199: checking for style of include used by make
configure:3227: result: GNU
configure:3298: checking for gcc
configure:3314: found /usr/bin/gcc
configure:3325: result: gcc
configure:3554: checking for C compiler version
configure:3563: gcc --version >&5
Apple LLVM version 5.0 (clang-500.2.76) (based on LLVM 3.3svn)
Target: x86_64-apple-darwin13.3.0
Thread model: posix
Configured with: --prefix=/Applications/Xcode.app/Contents/Developer/usr --with-gxx-include-dir=/Applications/Xcode.app/Contents/Developer/Platforms/MacOSX.platform/Developer/SDKs/MacOSX10.8.sdk/usr/include/c++/4.2.1
configure:3574: $? = 0
configure:3563: gcc -v >&5
Configured with: --prefix=/Applications/Xcode.app/Contents/Developer/usr --with-gxx-include-dir=/Applications/Xcode.app/Contents/Developer/Platforms/MacOSX.platform/Developer/SDKs/MacOSX10.8.sdk/usr/include/c++/4.2.1
Apple LLVM version 5.0 (clang-500.2.76) (based on LLVM 3.3svn)
Target: x86_64-apple-darwin13.3.0
Thread model: posix
configure:3574: $? = 0
configure:3563: gcc -V >&5
clang: error: argument to '-V' is missing (expected 1 value)
clang: error: no input files
configure:3574: $? = 1
configure:3563: gcc -qversion >&5
clang: error: no input files
configure:3574: $? = 1
configure:3594: checking whether the C compiler works
configure:3616: gcc    conftest.c  >&5
configure:3620: $? = 0
configure:3668: result: yes
configure:3671: checking for C compiler default output file name
configure:3673: result: a.out
configure:3679: checking for suffix of executables
configure:3686: gcc -o conftest    conftest.c  >&5
configure:3690: $? = 0
configure:3712: result: 
configure:3734: checking whether we are cross compiling
configure:3742: gcc -o conftest    conftest.c  >&5
configure:3746: $? = 0
configure:3753: ./conftest
configure:3757: $? = 0
configure:3772: result: no
configure:3777: checking for suffix of object files
configure:3799: gcc -c   conftest.c >&5
configure:3803: $? = 0
configure:3824: result: o
configure:3828: checking whether we are using the GNU C compiler
configure:3847: gcc -c   conftest.c >&5
configure:3847: $? = 0
configure:3856: result: yes
configure:3865: checking whether gcc accepts -g
configure:3885: gcc -c -g  conftest.c >&5
configure:3885: $? = 0
configure:3926: result: yes
configure:3943: checking for gcc option to accept ISO C89
configure:4006: gcc  -c -g -O2  conftest.c >&5
configure:4006: $? = 0
configure:4019: result: none needed
configure:4041: checking dependency style of gcc
configure:4152: result: gcc3
configure:4168: checking whether gcc and cc understand -c and -o together
configure:4199: gcc -c conftest.c -o conftest2.o >&5
configure:4203: $? = 0
configure:4209: gcc -c conftest.c -o conftest2.o >&5
configure:4213: $? = 0
configure:4224: cc -c conftest.c >&5
configure:4228: $? = 0
configure:4236: cc -c conftest.c -o conftest2.o >&5
configure:4240: $? = 0
configure:4246: cc -c conftest.c -o conftest2.o >&5
configure:4250: $? = 0
configure:4268: result: yes
configure:4339: checking how to print strings
configure:4366: result: printf
configure:4387: checking for a sed that does not truncate output
configure:4451: result: /usr/bin/sed
configure:4469: checking for grep that handles long lines and -e
configure:4527: result: /usr/bin/grep
configure:4532: checking for egrep
configure:4594: result: /usr/bin/grep -E
configure:4599: checking for fgrep
configure:4661: result: /usr/bin/grep -F
configure:4696: checking for ld used by gcc
configure:4763: result: /Applications/Xcode.app/Contents/Developer/Toolchains/XcodeDefault.xctoolchain/usr/bin/ld
configure:4770: checking if the linker (/Applications/Xcode.app/Contents/Developer/Toolchains/XcodeDefault.xctoolchain/usr/bin/ld) is GNU ld
configure:4785: result: no
configure:4797: checking for BSD- or MS-compatible name lister (nm)
configure:4846: result: /usr/bin/nm
configure:4976: checking the name lister (/usr/bin/nm) interface
configure:4983: gcc -c -g -O2  conftest.c >&5
configure:4986: /usr/bin/nm "conftest.o"
configure:4989: output
000000000000023c S _some_variable
configure:4996: result: BSD nm
configure:5000: checking the maximum length of command line arguments
configure:5130: result: 196608
configure:5147: checking whether the shell understands some XSI constructs
configure:5157: result: yes
configure:5161: checking whether the shell understands "+="
configure:5167: result: yes
configure:5202: checking how to convert x86_64-apple-darwin13.3.0 file names to x86_64-apple-darwin13.3.0 format
configure:5242: result: func_convert_file_noop
configure:5249: checking how to convert x86_64-apple-darwin13.3.0 file names to toolchain format
configure:5269: result: func_convert_file_noop
configure:5276: checking for /Applications/Xcode.app/Contents/Developer/Toolchains/XcodeDefault.xctoolchain/usr/bin/ld option to reload object files
configure:5283: result: -r
configure:5357: checking for objdump
configure:5387: result: no
configure:5413: checking how to recognize dependent libraries
configure:5611: result: pass_all
configure:5696: checking for dlltool
configure:5726: result: no
configure:5753: checking how to associate runtime and link libraries
configure:5780: result: printf %s\n
configure:5841: checking for ar
configure:5857: found /usr/bin/ar
configure:5868: result: ar
configure:5905: checking for archiver @FILE support
configure:5922: gcc -c -g -O2  conftest.c >&5
configure:5922: $? = 0
configure:5925: ar cru libconftest.a @conftest.lst >&5
ar: @conftest.lst: No such file or directory
configure:5928: $? = 1
configure:5948: result: no
configure:6006: checking for strip
configure:6022: found /usr/bin/strip
configure:6033: result: strip
configure:6105: checking for ranlib
configure:6121: found /usr/bin/ranlib
configure:6132: result: ranlib
configure:6234: checking command to parse /usr/bin/nm output from gcc object
configure:6354: gcc -c -g -O2  conftest.c >&5
configure:6357: $? = 0
configure:6361: /usr/bin/nm conftest.o \| sed -n -e 's/^.*[ ]\([BCDEGRST][BCDEGRST]*\)[ ][ ]*\([_A-Za-z][_A-Za-z0-9]*\)$/\1 \2 \2/p' | sed '/ __gnu_lto/d' \> conftest.nm
configure:6364: $? = 0
cannot find nm_test_var in conftest.nm
configure:6354: gcc -c -g -O2  conftest.c >&5
configure:6357: $? = 0
configure:6361: /usr/bin/nm conftest.o \| sed -n -e 's/^.*[ ]\([BCDEGRST][BCDEGRST]*\)[ ][ ]*_\([_A-Za-z][_A-Za-z0-9]*\)$/\1 _\2 \2/p' | sed '/ __gnu_lto/d' \> conftest.nm
configure:6364: $? = 0
configure:6430: gcc -o conftest -g -O2   conftest.c conftstm.o >&5
configure:6433: $? = 0
configure:6471: result: ok
configure:6508: checking for sysroot
configure:6538: result: no
configure:6794: checking for mt
configure:6824: result: no
configure:6844: checking if : is a manifest tool
configure:6850: : '-?'
configure:6858: result: no
configure:6914: checking for dsymutil
configure:6930: found /usr/bin/dsymutil
configure:6941: result: dsymutil
configure:7006: checking for nmedit
configure:7022: found /usr/bin/nmedit
configure:7033: result: nmedit
configure:7098: checking for lipo
configure:7114: found /usr/bin/lipo
configure:7125: result: lipo
configure:7190: checking for otool
configure:7206: found /usr/bin/otool
configure:7217: result: otool
configure:7282: checking for otool64
configure:7312: result: no
configure:7357: checking for -single_module linker flag
gcc -g -O2  -o libconftest.dylib -dynamiclib -Wl,-single_module conftest.c
configure:7390: result: yes
configure:7393: checking for -exported_symbols_list linker flag
configure:7413: gcc -o conftest -g -O2   -Wl,-exported_symbols_list,conftest.sym conftest.c  >&5
configure:7413: $? = 0
configure:7423: result: yes
configure:7426: checking for -force_load linker flag
gcc -g -O2 -c -o conftest.o conftest.c
ar cru libconftest.a conftest.o
ranlib libconftest.a
gcc -g -O2  -o conftest conftest.c -Wl,-force_load,./libconftest.a
configure:7458: result: yes
configure:7500: checking how to run the C preprocessor
configure:7531: gcc -E  conftest.c
configure:7531: $? = 0
configure:7545: gcc -E  conftest.c
conftest.c:11:10: fatal error: 'ac_nonexistent.h' file not found
#include <ac_nonexistent.h>
         ^
1 error generated.
configure:7545: $? = 1
configure: failed program was:
| /* confdefs.h */
| #define PACKAGE_NAME "libmicrohttpd"
| #define PACKAGE_TARNAME "libmicrohttpd"
| #define PACKAGE_VERSION "0.9.37"
| #define PACKAGE_STRING "libmicrohttpd 0.9.37"
| #define PACKAGE_BUGREPORT "libmicrohttpd@gnu.org"
| #define PACKAGE_URL ""
| #define PACKAGE "libmicrohttpd"
| #define VERSION "0.9.37"
| /* end confdefs.h.  */
| #include <ac_nonexistent.h>
configure:7570: result: gcc -E
configure:7590: gcc -E  conftest.c
configure:7590: $? = 0
configure:7604: gcc -E  conftest.c
conftest.c:11:10: fatal error: 'ac_nonexistent.h' file not found
#include <ac_nonexistent.h>
         ^
1 error generated.
configure:7604: $? = 1
configure: failed program was:
| /* confdefs.h */
| #define PACKAGE_NAME "libmicrohttpd"
| #define PACKAGE_TARNAME "libmicrohttpd"
| #define PACKAGE_VERSION "0.9.37"
| #define PACKAGE_STRING "libmicrohttpd 0.9.37"
| #define PACKAGE_BUGREPORT "libmicrohttpd@gnu.org"
| #define PACKAGE_URL ""
| #define PACKAGE "libmicrohttpd"
| #define VERSION "0.9.37"
| /* end confdefs.h.  */
| #include <ac_nonexistent.h>
configure:7633: checking for ANSI C header files
configure:7653: gcc -c -g -O2  conftest.c >&5
configure:7653: $? = 0
configure:7726: gcc -o conftest -g -O2   conftest.c  >&5
configure:7726: $? = 0
configure:7726: ./conftest
configure:7726: $? = 0
configure:7737: result: yes
configure:7750: checking for sys/types.h
configure:7750: gcc -c -g -O2  conftest.c >&5
configure:7750: $? = 0
configure:7750: result: yes
configure:7750: checking for sys/stat.h
configure:7750: gcc -c -g -O2  conftest.c >&5
configure:7750: $? = 0
configure:7750: result: yes
configure:7750: checking for stdlib.h
configure:7750: gcc -c -g -O2  conftest.c >&5
configure:7750: $? = 0
configure:7750: result: yes
configure:7750: checking for string.h
configure:7750: gcc -c -g -O2  conftest.c >&5
configure:7750: $? = 0
configure:7750: result: yes
configure:7750: checking for memory.h
configure:7750: gcc -c -g -O2  conftest.c >&5
configure:7750: $? = 0
configure:7750: result: yes
configure:7750: checking for strings.h
configure:7750: gcc -c -g -O2  conftest.c >&5
configure:7750: $? = 0
configure:7750: result: yes
configure:7750: checking for inttypes.h
configure:7750: gcc -c -g -O2  conftest.c >&5
configure:7750: $? = 0
configure:7750: result: yes
configure:7750: checking for stdint.h
configure:7750: gcc -c -g -O2  conftest.c >&5
configure:7750: $? = 0
configure:7750: result: yes
configure:7750: checking for unistd.h
configure:7750: gcc -c -g -O2  conftest.c >&5
configure:7750: $? = 0
configure:7750: result: yes
configure:7764: checking for dlfcn.h
configure:7764: gcc -c -g -O2  conftest.c >&5
configure:7764: $? = 0
configure:7764: result: yes
configure:8268: checking for objdir
configure:8283: result: .libs
configure:8554: checking if gcc supports -fno-rtti -fno-exceptions
configure:8572: gcc -c -g -O2  -fno-rtti -fno-exceptions conftest.c >&5
configure:8576: $? = 0
configure:8589: result: yes
configure:8916: checking for gcc option to produce PIC
configure:8923: result: -fno-common -DPIC
configure:8931: checking if gcc PIC flag -fno-common -DPIC works
configure:8949: gcc -c -g -O2  -fno-common -DPIC -DPIC conftest.c >&5
configure:8953: $? = 0
configure:8966: result: yes
configure:8995: checking if gcc static flag -static works
configure:9023: result: no
configure:9038: checking if gcc supports -c -o file.o
configure:9059: gcc -c -g -O2  -o out/conftest2.o conftest.c >&5
configure:9063: $? = 0
configure:9085: result: yes
configure:9093: checking if gcc supports -c -o file.o
configure:9140: result: yes
configure:9173: checking whether the gcc linker (/Applications/Xcode.app/Contents/Developer/Toolchains/XcodeDefault.xctoolchain/usr/bin/ld) supports shared libraries
configure:10330: result: yes
configure:10570: checking dynamic linker characteristics
configure:11304: result: darwin13.3.0 dyld
configure:11411: checking how to hardcode library paths into programs
configure:11436: result: immediate
configure:11976: checking whether stripping libraries is possible
configure:11990: result: yes
configure:12016: checking if libtool supports shared libraries
configure:12018: result: yes
configure:12021: checking whether to build shared libraries
configure:12042: result: yes
configure:12045: checking whether to build static libraries
configure:12049: result: yes
configure:12129: checking for windres
configure:12159: result: no
configure:12402: checking if compiler needs -Werror to reject unknown flags
configure:12418: gcc -c -g -O2 -Werror -Wunknown-warning-option -Wsizeof-array-argument  conftest.c >&5
configure:12418: $? = 0
configure:12419: result: yes
configure:12439: checking whether pthreads work with -pthread
configure:12527: gcc -o conftest -g -O2 -pthread -Werror   conftest.c   >&5
configure:12527: $? = 0
configure:12536: result: yes
configure:12555: checking for joinable pthread attribute
configure:12570: gcc -o conftest -g -O2 -pthread   conftest.c   >&5
configure:12570: $? = 0
configure:12576: result: PTHREAD_CREATE_JOINABLE
configure:12586: checking if more special flags are required for pthreads
configure:12601: result: -D_THREAD_SAFE
configure:12607: checking for PTHREAD_PRIO_INHERIT
configure:12624: gcc -o conftest -g -O2 -pthread   conftest.c   >&5
configure:12624: $? = 0
configure:12633: result: yes
configure:12739: checking windows.h usability
configure:12739: gcc -c -g -O2  conftest.c >&5
conftest.c:57:10: fatal error: 'windows.h' file not found
#include <windows.h>
         ^
1 error generated.
configure:12739: $? = 1
configure: failed program was:
| /* confdefs.h */
| #define PACKAGE_NAME "libmicrohttpd"
| #define PACKAGE_TARNAME "libmicrohttpd"
| #define PACKAGE_VERSION "0.9.37"
| #define PACKAGE_STRING "libmicrohttpd 0.9.37"
| #define PACKAGE_BUGREPORT "libmicrohttpd@gnu.org"
| #define PACKAGE_URL ""
| #define PACKAGE "libmicrohttpd"
| #define VERSION "0.9.37"
| #define STDC_HEADERS 1
| #define HAVE_SYS_TYPES_H 1
| #define HAVE_SYS_STAT_H 1
| #define HAVE_STDLIB_H 1
| #define HAVE_STRING_H 1
| #define HAVE_MEMORY_H 1
| #define HAVE_STRINGS_H 1
| #define HAVE_INTTYPES_H 1
| #define HAVE_STDINT_H 1
| #define HAVE_UNISTD_H 1
| #define HAVE_DLFCN_H 1
| #define LT_OBJDIR ".libs/"
| #define HAVE_PTHREAD_PRIO_INHERIT 1
| /* end confdefs.h.  */
| #include <stdio.h>
| #ifdef HAVE_SYS_TYPES_H
| # include <sys/types.h>
| #endif
| #ifdef HAVE_SYS_STAT_H
| # include <sys/stat.h>
| #endif
| #ifdef STDC_HEADERS
| # include <stdlib.h>
| # include <stddef.h>
| #else
| # ifdef HAVE_STDLIB_H
| #  include <stdlib.h>
| # endif
| #endif
| #ifdef HAVE_STRING_H
| # if !defined STDC_HEADERS && defined HAVE_MEMORY_H
| #  include <memory.h>
| # endif
| # include <string.h>
| #endif
| #ifdef HAVE_STRINGS_H
| # include <strings.h>
| #endif
| #ifdef HAVE_INTTYPES_H
| # include <inttypes.h>
| #endif
| #ifdef HAVE_STDINT_H
| # include <stdint.h>
| #endif
| #ifdef HAVE_UNISTD_H
| # include <unistd.h>
| #endif
| #include <windows.h>
configure:12739: result: no
configure:12739: checking windows.h presence
configure:12739: gcc -E  conftest.c
conftest.c:24:10: fatal error: 'windows.h' file not found
#include <windows.h>
         ^
1 error generated.
configure:12739: $? = 1
configure: failed program was:
| /* confdefs.h */
| #define PACKAGE_NAME "libmicrohttpd"
| #define PACKAGE_TARNAME "libmicrohttpd"
| #define PACKAGE_VERSION "0.9.37"
| #define PACKAGE_STRING "libmicrohttpd 0.9.37"
| #define PACKAGE_BUGREPORT "libmicrohttpd@gnu.org"
| #define PACKAGE_URL ""
| #define PACKAGE "libmicrohttpd"
| #define VERSION "0.9.37"
| #define STDC_HEADERS 1
| #define HAVE_SYS_TYPES_H 1
| #define HAVE_SYS_STAT_H 1
| #define HAVE_STDLIB_H 1
| #define HAVE_STRING_H 1
| #define HAVE_MEMORY_H 1
| #define HAVE_STRINGS_H 1
| #define HAVE_INTTYPES_H 1
| #define HAVE_STDINT_H 1
| #define HAVE_UNISTD_H 1
| #define HAVE_DLFCN_H 1
| #define LT_OBJDIR ".libs/"
| #define HAVE_PTHREAD_PRIO_INHERIT 1
| /* end confdefs.h.  */
| #include <windows.h>
configure:12739: result: no
configure:12739: checking for windows.h
configure:12739: result: no
configure:13055: checking whether C compiler accepts -fno-strict-aliasing
configure:13074: gcc -c -no-cpp-precomp -fno-common -g -O2  -fno-strict-aliasing  conftest.c >&5
configure:13074: $? = 0
configure:13083: result: yes
configure:13096: : CFLAGS="$CFLAGS $flag"
configure:13099: $? = 0
configure:13115: checking whether byte ordering is bigendian
configure:13130: gcc -c -no-cpp-precomp -fno-common -g -O2 -fno-strict-aliasing  conftest.c >&5
configure:13130: $? = 0
configure:13175: gcc -c -no-cpp-precomp -fno-common -g -O2 -fno-strict-aliasing  conftest.c >&5
configure:13175: $? = 0
configure:13193: gcc -c -no-cpp-precomp -fno-common -g -O2 -fno-strict-aliasing  conftest.c >&5
conftest.c:33:4: error: use of undeclared identifier 'not'
                 not big endian
                 ^
1 error generated.
configure:13193: $? = 1
configure: failed program was:
| /* confdefs.h */
| #define PACKAGE_NAME "libmicrohttpd"
| #define PACKAGE_TARNAME "libmicrohttpd"
| #define PACKAGE_VERSION "0.9.37"
| #define PACKAGE_STRING "libmicrohttpd 0.9.37"
| #define PACKAGE_BUGREPORT "libmicrohttpd@gnu.org"
| #define PACKAGE_URL ""
| #define PACKAGE "libmicrohttpd"
| #define VERSION "0.9.37"
| #define STDC_HEADERS 1
| #define HAVE_SYS_TYPES_H 1
| #define HAVE_SYS_STAT_H 1
| #define HAVE_STDLIB_H 1
| #define HAVE_STRING_H 1
| #define HAVE_MEMORY_H 1
| #define HAVE_STRINGS_H 1
| #define HAVE_INTTYPES_H 1
| #define HAVE_STDINT_H 1
| #define HAVE_UNISTD_H 1
| #define HAVE_DLFCN_H 1
| #define LT_OBJDIR ".libs/"
| #define HAVE_PTHREAD_PRIO_INHERIT 1
| #define OSX 1
| #define MHD_USE_POSIX_THREADS 1
| /* end confdefs.h.  */
| #include <sys/types.h>
| 		#include <sys/param.h>
| 
| int
| main ()
| {
| #if BYTE_ORDER != BIG_ENDIAN
| 		 not big endian
| 		#endif
| 
|   ;
|   return 0;
| }
configure:13321: result: no
configure:13342: checking for curl
configure:13358: found /usr/bin/curl
configure:13370: result: yes
configure:13388: checking for makeinfo
configure:13404: found /usr/bin/makeinfo
configure:13416: result: yes
configure:13487: checking linux/version.h usability
configure:13487: gcc -c -no-cpp-precomp -fno-common -g -O2 -fno-strict-aliasing  conftest.c >&5
conftest.c:59:10: fatal error: 'linux/version.h' file not found
#include <linux/version.h>
         ^
1 error generated.
configure:13487: $? = 1
configure: failed program was:
| /* confdefs.h */
| #define PACKAGE_NAME "libmicrohttpd"
| #define PACKAGE_TARNAME "libmicrohttpd"
| #define PACKAGE_VERSION "0.9.37"
| #define PACKAGE_STRING "libmicrohttpd 0.9.37"
| #define PACKAGE_BUGREPORT "libmicrohttpd@gnu.org"
| #define PACKAGE_URL ""
| #define PACKAGE "libmicrohttpd"
| #define VERSION "0.9.37"
| #define STDC_HEADERS 1
| #define HAVE_SYS_TYPES_H 1
| #define HAVE_SYS_STAT_H 1
| #define HAVE_STDLIB_H 1
| #define HAVE_STRING_H 1
| #define HAVE_MEMORY_H 1
| #define HAVE_STRINGS_H 1
| #define HAVE_INTTYPES_H 1
| #define HAVE_STDINT_H 1
| #define HAVE_UNISTD_H 1
| #define HAVE_DLFCN_H 1
| #define LT_OBJDIR ".libs/"
| #define HAVE_PTHREAD_PRIO_INHERIT 1
| #define OSX 1
| #define MHD_USE_POSIX_THREADS 1
| /* end confdefs.h.  */
| #include <stdio.h>
| #ifdef HAVE_SYS_TYPES_H
| # include <sys/types.h>
| #endif
| #ifdef HAVE_SYS_STAT_H
| # include <sys/stat.h>
| #endif
| #ifdef STDC_HEADERS
| # include <stdlib.h>
| # include <stddef.h>
| #else
| # ifdef HAVE_STDLIB_H
| #  include <stdlib.h>
| # endif
| #endif
| #ifdef HAVE_STRING_H
| # if !defined STDC_HEADERS && defined HAVE_MEMORY_H
| #  include <memory.h>
| # endif
| # include <string.h>
| #endif
| #ifdef HAVE_STRINGS_H
| # include <strings.h>
| #endif
| #ifdef HAVE_INTTYPES_H
| # include <inttypes.h>
| #endif
| #ifdef HAVE_STDINT_H
| # include <stdint.h>
| #endif
| #ifdef HAVE_UNISTD_H
| # include <unistd.h>
| #endif
| #include <linux/version.h>
configure:13487: result: no
configure:13487: checking linux/version.h presence
configure:13487: gcc -E  conftest.c
conftest.c:26:10: fatal error: 'linux/version.h' file not found
#include <linux/version.h>
         ^
1 error generated.
configure:13487: $? = 1
configure: failed program was:
| /* confdefs.h */
| #define PACKAGE_NAME "libmicrohttpd"
| #define PACKAGE_TARNAME "libmicrohttpd"
| #define PACKAGE_VERSION "0.9.37"
| #define PACKAGE_STRING "libmicrohttpd 0.9.37"
| #define PACKAGE_BUGREPORT "libmicrohttpd@gnu.org"
| #define PACKAGE_URL ""
| #define PACKAGE "libmicrohttpd"
| #define VERSION "0.9.37"
| #define STDC_HEADERS 1
| #define HAVE_SYS_TYPES_H 1
| #define HAVE_SYS_STAT_H 1
| #define HAVE_STDLIB_H 1
| #define HAVE_STRING_H 1
| #define HAVE_MEMORY_H 1
| #define HAVE_STRINGS_H 1
| #define HAVE_INTTYPES_H 1
| #define HAVE_STDINT_H 1
| #define HAVE_UNISTD_H 1
| #define HAVE_DLFCN_H 1
| #define LT_OBJDIR ".libs/"
| #define HAVE_PTHREAD_PRIO_INHERIT 1
| #define OSX 1
| #define MHD_USE_POSIX_THREADS 1
| /* end confdefs.h.  */
| #include <linux/version.h>
configure:13487: result: no
configure:13487: checking for linux/version.h
configure:13487: result: no
configure:13493: checking for Linux epoll(7) interface
configure:13519: gcc -o conftest -no-cpp-precomp -fno-common -g -O2 -fno-strict-aliasing   conftest.c  >&5
conftest.c:26:16: fatal error: 'sys/epoll.h' file not found
      #include <sys/epoll.h>
               ^
1 error generated.
configure:13519: $? = 1
configure: failed program was:
| /* confdefs.h */
| #define PACKAGE_NAME "libmicrohttpd"
| #define PACKAGE_TARNAME "libmicrohttpd"
| #define PACKAGE_VERSION "0.9.37"
| #define PACKAGE_STRING "libmicrohttpd 0.9.37"
| #define PACKAGE_BUGREPORT "libmicrohttpd@gnu.org"
| #define PACKAGE_URL ""
| #define PACKAGE "libmicrohttpd"
| #define VERSION "0.9.37"
| #define STDC_HEADERS 1
| #define HAVE_SYS_TYPES_H 1
| #define HAVE_SYS_STAT_H 1
| #define HAVE_STDLIB_H 1
| #define HAVE_STRING_H 1
| #define HAVE_MEMORY_H 1
| #define HAVE_STRINGS_H 1
| #define HAVE_INTTYPES_H 1
| #define HAVE_STDINT_H 1
| #define HAVE_UNISTD_H 1
| #define HAVE_DLFCN_H 1
| #define LT_OBJDIR ".libs/"
| #define HAVE_PTHREAD_PRIO_INHERIT 1
| #define OSX 1
| #define MHD_USE_POSIX_THREADS 1
| /* end confdefs.h.  */
|       #include <sys/epoll.h>
| #ifdef HAVE_LINUX_VERSION_H
| #  include <linux/version.h>
| #  if LINUX_VERSION_CODE < KERNEL_VERSION(2,5,45)
| #    error linux kernel version is too old to have epoll
| #  endif
| #endif
| 
| int
| main ()
| {
| int fd, rc;
| struct epoll_event ev;
| fd = epoll_create(128);
| rc = epoll_wait(fd, &ev, 1, 0);
|   ;
|   return 0;
| }
configure:13534: result: no
configure:13561: checking for pthread_setname_np
configure:13574: gcc -o conftest -no-cpp-precomp -fno-common -g -O2 -fno-strict-aliasing -D_THREAD_SAFE -pthread   conftest.c   >&5
conftest.c:31:38: error: too many arguments to function call, expected 1, have 2
  pthread_setname_np(pthread_self(), "name")
  ~~~~~~~~~~~~~~~~~~                 ^~~~~~
/Applications/Xcode.app/Contents/Developer/Platforms/MacOSX.platform/Developer/SDKs/MacOSX10.8.sdk/usr/include/pthread.h:378:1: note: 'pthread_setname_np' declared here
int             pthread_setname_np(const char*) __OSX_AVAILABLE_STARTING(__MAC_10_6, __IPHONE_3_2);
^
1 error generated.
configure:13574: $? = 1
configure: failed program was:
| /* confdefs.h */
| #define PACKAGE_NAME "libmicrohttpd"
| #define PACKAGE_TARNAME "libmicrohttpd"
| #define PACKAGE_VERSION "0.9.37"
| #define PACKAGE_STRING "libmicrohttpd 0.9.37"
| #define PACKAGE_BUGREPORT "libmicrohttpd@gnu.org"
| #define PACKAGE_URL ""
| #define PACKAGE "libmicrohttpd"
| #define VERSION "0.9.37"
| #define STDC_HEADERS 1
| #define HAVE_SYS_TYPES_H 1
| #define HAVE_SYS_STAT_H 1
| #define HAVE_STDLIB_H 1
| #define HAVE_STRING_H 1
| #define HAVE_MEMORY_H 1
| #define HAVE_STRINGS_H 1
| #define HAVE_INTTYPES_H 1
| #define HAVE_STDINT_H 1
| #define HAVE_UNISTD_H 1
| #define HAVE_DLFCN_H 1
| #define LT_OBJDIR ".libs/"
| #define HAVE_PTHREAD_PRIO_INHERIT 1
| #define OSX 1
| #define MHD_USE_POSIX_THREADS 1
| #define EPOLL_SUPPORT 0
| /* end confdefs.h.  */
| #include <pthread.h>
| int
| main ()
| {
|   pthread_setname_np(pthread_self(), "name")
|   ;
|   return 0;
| }
configure:13581: result: no
configure:13594: checking fcntl.h usability
configure:13594: gcc -c -no-cpp-precomp -fno-common -g -O2 -fno-strict-aliasing  conftest.c >&5
configure:13594: $? = 0
configure:13594: result: yes
configure:13594: checking fcntl.h presence
configure:13594: gcc -E  conftest.c
configure:13594: $? = 0
configure:13594: result: yes
configure:13594: checking for fcntl.h
configure:13594: result: yes
configure:13594: checking math.h usability
configure:13594: gcc -c -no-cpp-precomp -fno-common -g -O2 -fno-strict-aliasing  conftest.c >&5
configure:13594: $? = 0
configure:13594: result: yes
configure:13594: checking math.h presence
configure:13594: gcc -E  conftest.c
configure:13594: $? = 0
configure:13594: result: yes
configure:13594: checking for math.h
configure:13594: result: yes
configure:13594: checking errno.h usability
configure:13594: gcc -c -no-cpp-precomp -fno-common -g -O2 -fno-strict-aliasing  conftest.c >&5
configure:13594: $? = 0
configure:13594: result: yes
configure:13594: checking errno.h presence
configure:13594: gcc -E  conftest.c
configure:13594: $? = 0
configure:13594: result: yes
configure:13594: checking for errno.h
configure:13594: result: yes
configure:13594: checking limits.h usability
configure:13594: gcc -c -no-cpp-precomp -fno-common -g -O2 -fno-strict-aliasing  conftest.c >&5
configure:13594: $? = 0
configure:13594: result: yes
configure:13594: checking limits.h presence
configure:13594: gcc -E  conftest.c
configure:13594: $? = 0
configure:13594: result: yes
configure:13594: checking for limits.h
configure:13594: result: yes
configure:13594: checking stdio.h usability
configure:13594: gcc -c -no-cpp-precomp -fno-common -g -O2 -fno-strict-aliasing  conftest.c >&5
configure:13594: $? = 0
configure:13594: result: yes
configure:13594: checking stdio.h presence
configure:13594: gcc -E  conftest.c
configure:13594: $? = 0
configure:13594: result: yes
configure:13594: checking for stdio.h
configure:13594: result: yes
configure:13594: checking locale.h usability
configure:13594: gcc -c -no-cpp-precomp -fno-common -g -O2 -fno-strict-aliasing  conftest.c >&5
configure:13594: $? = 0
configure:13594: result: yes
configure:13594: checking locale.h presence
configure:13594: gcc -E  conftest.c
configure:13594: $? = 0
configure:13594: result: yes
configure:13594: checking for locale.h
configure:13594: result: yes
configure:13594: checking for sys/stat.h
configure:13594: result: yes
configure:13594: checking for sys/types.h
configure:13594: result: yes
configure:13594: checking pthread.h usability
configure:13594: gcc -c -no-cpp-precomp -fno-common -g -O2 -fno-strict-aliasing  conftest.c >&5
configure:13594: $? = 0
configure:13594: result: yes
configure:13594: checking pthread.h presence
configure:13594: gcc -E  conftest.c
configure:13594: $? = 0
configure:13594: result: yes
configure:13594: checking for pthread.h
configure:13594: result: yes
configure:13611: checking for sys/types.h
configure:13611: result: yes
configure:13611: checking sys/time.h usability
configure:13611: gcc -c -no-cpp-precomp -fno-common -g -O2 -fno-strict-aliasing  conftest.c >&5
configure:13611: $? = 0
configure:13611: result: yes
configure:13611: checking sys/time.h presence
configure:13611: gcc -E  conftest.c
configure:13611: $? = 0
configure:13611: result: yes
configure:13611: checking for sys/time.h
configure:13611: result: yes
configure:13611: checking sys/msg.h usability
configure:13611: gcc -c -no-cpp-precomp -fno-common -g -O2 -fno-strict-aliasing  conftest.c >&5
configure:13611: $? = 0
configure:13611: result: yes
configure:13611: checking sys/msg.h presence
configure:13611: gcc -E  conftest.c
configure:13611: $? = 0
configure:13611: result: yes
configure:13611: checking for sys/msg.h
configure:13611: result: yes
configure:13611: checking netdb.h usability
configure:13611: gcc -c -no-cpp-precomp -fno-common -g -O2 -fno-strict-aliasing  conftest.c >&5
configure:13611: $? = 0
configure:13611: result: yes
configure:13611: checking netdb.h presence
configure:13611: gcc -E  conftest.c
configure:13611: $? = 0
configure:13611: result: yes
configure:13611: checking for netdb.h
configure:13611: result: yes
configure:13611: checking netinet/in.h usability
configure:13611: gcc -c -no-cpp-precomp -fno-common -g -O2 -fno-strict-aliasing  conftest.c >&5
configure:13611: $? = 0
configure:13611: result: yes
configure:13611: checking netinet/in.h presence
configure:13611: gcc -E  conftest.c
configure:13611: $? = 0
configure:13611: result: yes
configure:13611: checking for netinet/in.h
configure:13611: result: yes
configure:13611: checking netinet/tcp.h usability
configure:13611: gcc -c -no-cpp-precomp -fno-common -g -O2 -fno-strict-aliasing  conftest.c >&5
configure:13611: $? = 0
configure:13611: result: yes
configure:13611: checking netinet/tcp.h presence
configure:13611: gcc -E  conftest.c
configure:13611: $? = 0
configure:13611: result: yes
configure:13611: checking for netinet/tcp.h
configure:13611: result: yes
configure:13611: checking time.h usability
configure:13611: gcc -c -no-cpp-precomp -fno-common -g -O2 -fno-strict-aliasing  conftest.c >&5
configure:13611: $? = 0
configure:13611: result: yes
configure:13611: checking time.h presence
configure:13611: gcc -E  conftest.c
configure:13611: $? = 0
configure:13611: result: yes
configure:13611: checking for time.h
configure:13611: result: yes
configure:13611: checking sys/socket.h usability
configure:13611: gcc -c -no-cpp-precomp -fno-common -g -O2 -fno-strict-aliasing  conftest.c >&5
configure:13611: $? = 0
configure:13611: result: yes
configure:13611: checking sys/socket.h presence
configure:13611: gcc -E  conftest.c
configure:13611: $? = 0
configure:13611: result: yes
configure:13611: checking for sys/socket.h
configure:13611: result: yes
configure:13611: checking sys/mman.h usability
configure:13611: gcc -c -no-cpp-precomp -fno-common -g -O2 -fno-strict-aliasing  conftest.c >&5
configure:13611: $? = 0
configure:13611: result: yes
configure:13611: checking sys/mman.h presence
configure:13611: gcc -E  conftest.c
configure:13611: $? = 0
configure:13611: result: yes
configure:13611: checking for sys/mman.h
configure:13611: result: yes
configure:13611: checking arpa/inet.h usability
configure:13611: gcc -c -no-cpp-precomp -fno-common -g -O2 -fno-strict-aliasing  conftest.c >&5
configure:13611: $? = 0
configure:13611: result: yes
configure:13611: checking arpa/inet.h presence
configure:13611: gcc -E  conftest.c
configure:13611: $? = 0
configure:13611: result: yes
configure:13611: checking for arpa/inet.h
configure:13611: result: yes
configure:13611: checking sys/select.h usability
configure:13611: gcc -c -no-cpp-precomp -fno-common -g -O2 -fno-strict-aliasing  conftest.c >&5
configure:13611: $? = 0
configure:13611: result: yes
configure:13611: checking sys/select.h presence
configure:13611: gcc -E  conftest.c
configure:13611: $? = 0
configure:13611: result: yes
configure:13611: checking for sys/select.h
configure:13611: result: yes
configure:13611: checking poll.h usability
configure:13611: gcc -c -no-cpp-precomp -fno-common -g -O2 -fno-strict-aliasing  conftest.c >&5
configure:13611: $? = 0
configure:13611: result: yes
configure:13611: checking poll.h presence
configure:13611: gcc -E  conftest.c
configure:13611: $? = 0
configure:13611: result: yes
configure:13611: checking for poll.h
configure:13611: result: yes
configure:13611: checking search.h usability
configure:13611: gcc -c -no-cpp-precomp -fno-common -g -O2 -fno-strict-aliasing  conftest.c >&5
configure:13611: $? = 0
configure:13611: result: yes
configure:13611: checking search.h presence
configure:13611: gcc -E  conftest.c
configure:13611: $? = 0
configure:13611: result: yes
configure:13611: checking for search.h
configure:13611: result: yes
configure:13630: checking for struct sockaddr_in.sin_len
configure:13630: gcc -c -no-cpp-precomp -fno-common -g -O2 -fno-strict-aliasing  conftest.c >&5
configure:13630: $? = 0
configure:13630: result: yes
configure:13651: checking whether to enable signaling by socketpair
configure:13714: result: no
configure:13734: checking for memmem
configure:13734: gcc -o conftest -no-cpp-precomp -fno-common -g -O2 -fno-strict-aliasing   conftest.c  >&5
configure:13734: $? = 0
configure:13734: result: yes
configure:13734: checking for accept4
configure:13734: gcc -o conftest -no-cpp-precomp -fno-common -g -O2 -fno-strict-aliasing   conftest.c  >&5
Undefined symbols for architecture x86_64:
  "_accept4", referenced from:
      _main in conftest-lX2zAS.o
ld: symbol(s) not found for architecture x86_64
clang: error: linker command failed with exit code 1 (use -v to see invocation)
configure:13734: $? = 1
configure: failed program was:
| /* confdefs.h */
| #define PACKAGE_NAME "libmicrohttpd"
| #define PACKAGE_TARNAME "libmicrohttpd"
| #define PACKAGE_VERSION "0.9.37"
| #define PACKAGE_STRING "libmicrohttpd 0.9.37"
| #define PACKAGE_BUGREPORT "libmicrohttpd@gnu.org"
| #define PACKAGE_URL ""
| #define PACKAGE "libmicrohttpd"
| #define VERSION "0.9.37"
| #define STDC_HEADERS 1
| #define HAVE_SYS_TYPES_H 1
| #define HAVE_SYS_STAT_H 1
| #define HAVE_STDLIB_H 1
| #define HAVE_STRING_H 1
| #define HAVE_MEMORY_H 1
| #define HAVE_STRINGS_H 1
| #define HAVE_INTTYPES_H 1
| #define HAVE_STDINT_H 1
| #define HAVE_UNISTD_H 1
| #define HAVE_DLFCN_H 1
| #define LT_OBJDIR ".libs/"
| #define HAVE_PTHREAD_PRIO_INHERIT 1
| #define OSX 1
| #define MHD_USE_POSIX_THREADS 1
| #define EPOLL_SUPPORT 0
| #define HAVE_FCNTL_H 1
| #define HAVE_MATH_H 1
| #define HAVE_ERRNO_H 1
| #define HAVE_LIMITS_H 1
| #define HAVE_STDIO_H 1
| #define HAVE_LOCALE_H 1
| #define HAVE_SYS_STAT_H 1
| #define HAVE_SYS_TYPES_H 1
| #define HAVE_PTHREAD_H 1
| #define HAVE_SYS_TYPES_H 1
| #define HAVE_SYS_TIME_H 1
| #define HAVE_SYS_MSG_H 1
| #define HAVE_NETDB_H 1
| #define HAVE_NETINET_IN_H 1
| #define HAVE_NETINET_TCP_H 1
| #define HAVE_TIME_H 1
| #define HAVE_SYS_SOCKET_H 1
| #define HAVE_SYS_MMAN_H 1
| #define HAVE_ARPA_INET_H 1
| #define HAVE_SYS_SELECT_H 1
| #define HAVE_POLL_H 1
| #define HAVE_SEARCH_H 1
| #define HAVE_SOCKADDR_IN_SIN_LEN 1
| #define HAVE_MEMMEM 1
| /* end confdefs.h.  */
| /* Define accept4 to an innocuous variant, in case <limits.h> declares accept4.
|    For example, HP-UX 11i <limits.h> declares gettimeofday.  */
| #define accept4 innocuous_accept4
| 
| /* System header to define __stub macros and hopefully few prototypes,
|     which can conflict with char accept4 (); below.
|     Prefer <limits.h> to <assert.h> if __STDC__ is defined, since
|     <limits.h> exists even on freestanding compilers.  */
| 
| #ifdef __STDC__
| # include <limits.h>
| #else
| # include <assert.h>
| #endif
| 
| #undef accept4
| 
| /* Override any GCC internal prototype to avoid an error.
|    Use char because int might match the return type of a GCC
|    builtin and then its argument prototype would still apply.  */
| #ifdef __cplusplus
| extern "C"
| #endif
| char accept4 ();
| /* The GNU C library defines this for functions which it implements
|     to always fail with ENOSYS.  Some functions are actually named
|     something starting with __ and the normal name is an alias.  */
| #if defined __stub_accept4 || defined __stub___accept4
| choke me
| #endif
| 
| int
| main ()
| {
| return accept4 ();
|   ;
|   return 0;
| }
configure:13734: result: no
configure:13748: checking for gmtime_s
configure:13762: gcc -o conftest -no-cpp-precomp -fno-common -g -O2 -fno-strict-aliasing   conftest.c  >&5
conftest.c:55:37: warning: implicit declaration of function 'gmtime_s' is invalid in C99 [-Wimplicit-function-declaration]
struct tm now; time_t t; time (&t); gmtime_s (&now, &t)
                                    ^
1 warning generated.
Undefined symbols for architecture x86_64:
  "_gmtime_s", referenced from:
      _main in conftest-VaBhzM.o
ld: symbol(s) not found for architecture x86_64
clang: error: linker command failed with exit code 1 (use -v to see invocation)
configure:13762: $? = 1
configure: failed program was:
| /* confdefs.h */
| #define PACKAGE_NAME "libmicrohttpd"
| #define PACKAGE_TARNAME "libmicrohttpd"
| #define PACKAGE_VERSION "0.9.37"
| #define PACKAGE_STRING "libmicrohttpd 0.9.37"
| #define PACKAGE_BUGREPORT "libmicrohttpd@gnu.org"
| #define PACKAGE_URL ""
| #define PACKAGE "libmicrohttpd"
| #define VERSION "0.9.37"
| #define STDC_HEADERS 1
| #define HAVE_SYS_TYPES_H 1
| #define HAVE_SYS_STAT_H 1
| #define HAVE_STDLIB_H 1
| #define HAVE_STRING_H 1
| #define HAVE_MEMORY_H 1
| #define HAVE_STRINGS_H 1
| #define HAVE_INTTYPES_H 1
| #define HAVE_STDINT_H 1
| #define HAVE_UNISTD_H 1
| #define HAVE_DLFCN_H 1
| #define LT_OBJDIR ".libs/"
| #define HAVE_PTHREAD_PRIO_INHERIT 1
| #define OSX 1
| #define MHD_USE_POSIX_THREADS 1
| #define EPOLL_SUPPORT 0
| #define HAVE_FCNTL_H 1
| #define HAVE_MATH_H 1
| #define HAVE_ERRNO_H 1
| #define HAVE_LIMITS_H 1
| #define HAVE_STDIO_H 1
| #define HAVE_LOCALE_H 1
| #define HAVE_SYS_STAT_H 1
| #define HAVE_SYS_TYPES_H 1
| #define HAVE_PTHREAD_H 1
| #define HAVE_SYS_TYPES_H 1
| #define HAVE_SYS_TIME_H 1
| #define HAVE_SYS_MSG_H 1
| #define HAVE_NETDB_H 1
| #define HAVE_NETINET_IN_H 1
| #define HAVE_NETINET_TCP_H 1
| #define HAVE_TIME_H 1
| #define HAVE_SYS_SOCKET_H 1
| #define HAVE_SYS_MMAN_H 1
| #define HAVE_ARPA_INET_H 1
| #define HAVE_SYS_SELECT_H 1
| #define HAVE_POLL_H 1
| #define HAVE_SEARCH_H 1
| #define HAVE_SOCKADDR_IN_SIN_LEN 1
| #define HAVE_MEMMEM 1
| /* end confdefs.h.  */
|  #include <time.h>
| int
| main ()
| {
| struct tm now; time_t t; time (&t); gmtime_s (&now, &t)
|   ;
|   return 0;
| }
| 
configure:13771: result: no
configure:13779: checking whether SOCK_NONBLOCK is declared
configure:13779: gcc -c -no-cpp-precomp -fno-common -g -O2 -fno-strict-aliasing  conftest.c >&5
conftest.c:69:10: error: use of undeclared identifier 'SOCK_NONBLOCK'
  (void) SOCK_NONBLOCK;
         ^
1 error generated.
configure:13779: $? = 1
configure: failed program was:
| /* confdefs.h */
| #define PACKAGE_NAME "libmicrohttpd"
| #define PACKAGE_TARNAME "libmicrohttpd"
| #define PACKAGE_VERSION "0.9.37"
| #define PACKAGE_STRING "libmicrohttpd 0.9.37"
| #define PACKAGE_BUGREPORT "libmicrohttpd@gnu.org"
| #define PACKAGE_URL ""
| #define PACKAGE "libmicrohttpd"
| #define VERSION "0.9.37"
| #define STDC_HEADERS 1
| #define HAVE_SYS_TYPES_H 1
| #define HAVE_SYS_STAT_H 1
| #define HAVE_STDLIB_H 1
| #define HAVE_STRING_H 1
| #define HAVE_MEMORY_H 1
| #define HAVE_STRINGS_H 1
| #define HAVE_INTTYPES_H 1
| #define HAVE_STDINT_H 1
| #define HAVE_UNISTD_H 1
| #define HAVE_DLFCN_H 1
| #define LT_OBJDIR ".libs/"
| #define HAVE_PTHREAD_PRIO_INHERIT 1
| #define OSX 1
| #define MHD_USE_POSIX_THREADS 1
| #define EPOLL_SUPPORT 0
| #define HAVE_FCNTL_H 1
| #define HAVE_MATH_H 1
| #define HAVE_ERRNO_H 1
| #define HAVE_LIMITS_H 1
| #define HAVE_STDIO_H 1
| #define HAVE_LOCALE_H 1
| #define HAVE_SYS_STAT_H 1
| #define HAVE_SYS_TYPES_H 1
| #define HAVE_PTHREAD_H 1
| #define HAVE_SYS_TYPES_H 1
| #define HAVE_SYS_TIME_H 1
| #define HAVE_SYS_MSG_H 1
| #define HAVE_NETDB_H 1
| #define HAVE_NETINET_IN_H 1
| #define HAVE_NETINET_TCP_H 1
| #define HAVE_TIME_H 1
| #define HAVE_SYS_SOCKET_H 1
| #define HAVE_SYS_MMAN_H 1
| #define HAVE_ARPA_INET_H 1
| #define HAVE_SYS_SELECT_H 1
| #define HAVE_POLL_H 1
| #define HAVE_SEARCH_H 1
| #define HAVE_SOCKADDR_IN_SIN_LEN 1
| #define HAVE_MEMMEM 1
| /* end confdefs.h.  */
| 
|                     #if defined HAVE_SYS_TYPES_H
|                     #  include <sys/types.h>
|                     #endif
|                     #if defined HAVE_SYS_SOCKET_H
|                     #  include <sys/socket.h>
|                     #elif defined HAVE_WINSOCK2_H
|                     #  include <winsock2.h>
|                     #endif
| 
| 
| int
| main ()
| {
| #ifndef SOCK_NONBLOCK
| #ifdef __cplusplus
|   (void) SOCK_NONBLOCK;
| #else
|   (void) SOCK_NONBLOCK;
| #endif
| #endif
| 
|   ;
|   return 0;
| }
configure:13779: result: no
configure:13807: checking for library containing clock_gettime
configure:13838: gcc -o conftest -no-cpp-precomp -fno-common -g -O2 -fno-strict-aliasing   conftest.c  >&5
Undefined symbols for architecture x86_64:
  "_clock_gettime", referenced from:
      _main in conftest-iwkQTz.o
ld: symbol(s) not found for architecture x86_64
clang: error: linker command failed with exit code 1 (use -v to see invocation)
configure:13838: $? = 1
configure: failed program was:
| /* confdefs.h */
| #define PACKAGE_NAME "libmicrohttpd"
| #define PACKAGE_TARNAME "libmicrohttpd"
| #define PACKAGE_VERSION "0.9.37"
| #define PACKAGE_STRING "libmicrohttpd 0.9.37"
| #define PACKAGE_BUGREPORT "libmicrohttpd@gnu.org"
| #define PACKAGE_URL ""
| #define PACKAGE "libmicrohttpd"
| #define VERSION "0.9.37"
| #define STDC_HEADERS 1
| #define HAVE_SYS_TYPES_H 1
| #define HAVE_SYS_STAT_H 1
| #define HAVE_STDLIB_H 1
| #define HAVE_STRING_H 1
| #define HAVE_MEMORY_H 1
| #define HAVE_STRINGS_H 1
| #define HAVE_INTTYPES_H 1
| #define HAVE_STDINT_H 1
| #define HAVE_UNISTD_H 1
| #define HAVE_DLFCN_H 1
| #define LT_OBJDIR ".libs/"
| #define HAVE_PTHREAD_PRIO_INHERIT 1
| #define OSX 1
| #define MHD_USE_POSIX_THREADS 1
| #define EPOLL_SUPPORT 0
| #define HAVE_FCNTL_H 1
| #define HAVE_MATH_H 1
| #define HAVE_ERRNO_H 1
| #define HAVE_LIMITS_H 1
| #define HAVE_STDIO_H 1
| #define HAVE_LOCALE_H 1
| #define HAVE_SYS_STAT_H 1
| #define HAVE_SYS_TYPES_H 1
| #define HAVE_PTHREAD_H 1
| #define HAVE_SYS_TYPES_H 1
| #define HAVE_SYS_TIME_H 1
| #define HAVE_SYS_MSG_H 1
| #define HAVE_NETDB_H 1
| #define HAVE_NETINET_IN_H 1
| #define HAVE_NETINET_TCP_H 1
| #define HAVE_TIME_H 1
| #define HAVE_SYS_SOCKET_H 1
| #define HAVE_SYS_MMAN_H 1
| #define HAVE_ARPA_INET_H 1
| #define HAVE_SYS_SELECT_H 1
| #define HAVE_POLL_H 1
| #define HAVE_SEARCH_H 1
| #define HAVE_SOCKADDR_IN_SIN_LEN 1
| #define HAVE_MEMMEM 1
| #define HAVE_DECL_SOCK_NONBLOCK 0
| /* end confdefs.h.  */
| 
| /* Override any GCC internal prototype to avoid an error.
|    Use char because int might match the return type of a GCC
|    builtin and then its argument prototype would still apply.  */
| #ifdef __cplusplus
| extern "C"
| #endif
| char clock_gettime ();
| int
| main ()
| {
| return clock_gettime ();
|   ;
|   return 0;
| }
configure:13838: gcc -o conftest -no-cpp-precomp -fno-common -g -O2 -fno-strict-aliasing   conftest.c -lrt   >&5
ld: library not found for -lrt
clang: error: linker command failed with exit code 1 (use -v to see invocation)
configure:13838: $? = 1
configure: failed program was:
| /* confdefs.h */
| #define PACKAGE_NAME "libmicrohttpd"
| #define PACKAGE_TARNAME "libmicrohttpd"
| #define PACKAGE_VERSION "0.9.37"
| #define PACKAGE_STRING "libmicrohttpd 0.9.37"
| #define PACKAGE_BUGREPORT "libmicrohttpd@gnu.org"
| #define PACKAGE_URL ""
| #define PACKAGE "libmicrohttpd"
| #define VERSION "0.9.37"
| #define STDC_HEADERS 1
| #define HAVE_SYS_TYPES_H 1
| #define HAVE_SYS_STAT_H 1
| #define HAVE_STDLIB_H 1
| #define HAVE_STRING_H 1
| #define HAVE_MEMORY_H 1
| #define HAVE_STRINGS_H 1
| #define HAVE_INTTYPES_H 1
| #define HAVE_STDINT_H 1
| #define HAVE_UNISTD_H 1
| #define HAVE_DLFCN_H 1
| #define LT_OBJDIR ".libs/"
| #define HAVE_PTHREAD_PRIO_INHERIT 1
| #define OSX 1
| #define MHD_USE_POSIX_THREADS 1
| #define EPOLL_SUPPORT 0
| #define HAVE_FCNTL_H 1
| #define HAVE_MATH_H 1
| #define HAVE_ERRNO_H 1
| #define HAVE_LIMITS_H 1
| #define HAVE_STDIO_H 1
| #define HAVE_LOCALE_H 1
| #define HAVE_SYS_STAT_H 1
| #define HAVE_SYS_TYPES_H 1
| #define HAVE_PTHREAD_H 1
| #define HAVE_SYS_TYPES_H 1
| #define HAVE_SYS_TIME_H 1
| #define HAVE_SYS_MSG_H 1
| #define HAVE_NETDB_H 1
| #define HAVE_NETINET_IN_H 1
| #define HAVE_NETINET_TCP_H 1
| #define HAVE_TIME_H 1
| #define HAVE_SYS_SOCKET_H 1
| #define HAVE_SYS_MMAN_H 1
| #define HAVE_ARPA_INET_H 1
| #define HAVE_SYS_SELECT_H 1
| #define HAVE_POLL_H 1
| #define HAVE_SEARCH_H 1
| #define HAVE_SOCKADDR_IN_SIN_LEN 1
| #define HAVE_MEMMEM 1
| #define HAVE_DECL_SOCK_NONBLOCK 0
| /* end confdefs.h.  */
| 
| /* Override any GCC internal prototype to avoid an error.
|    Use char because int might match the return type of a GCC
|    builtin and then its argument prototype would still apply.  */
| #ifdef __cplusplus
| extern "C"
| #endif
| char clock_gettime ();
| int
| main ()
| {
| return clock_gettime ();
|   ;
|   return 0;
| }
configure:13855: result: no
configure:13869: checking for IPv6
configure:13901: gcc -c -no-cpp-precomp -fno-common -g -O2 -fno-strict-aliasing  conftest.c >&5
configure:13901: $? = 0
configure:13914: result: yes
configure:13918: checking whether TCP_CORK is declared
configure:13918: gcc -c -no-cpp-precomp -fno-common -g -O2 -fno-strict-aliasing  conftest.c >&5
conftest.c:62:10: error: use of undeclared identifier 'TCP_CORK'
  (void) TCP_CORK;
         ^
1 error generated.
configure:13918: $? = 1
configure: failed program was:
| /* confdefs.h */
| #define PACKAGE_NAME "libmicrohttpd"
| #define PACKAGE_TARNAME "libmicrohttpd"
| #define PACKAGE_VERSION "0.9.37"
| #define PACKAGE_STRING "libmicrohttpd 0.9.37"
| #define PACKAGE_BUGREPORT "libmicrohttpd@gnu.org"
| #define PACKAGE_URL ""
| #define PACKAGE "libmicrohttpd"
| #define VERSION "0.9.37"
| #define STDC_HEADERS 1
| #define HAVE_SYS_TYPES_H 1
| #define HAVE_SYS_STAT_H 1
| #define HAVE_STDLIB_H 1
| #define HAVE_STRING_H 1
| #define HAVE_MEMORY_H 1
| #define HAVE_STRINGS_H 1
| #define HAVE_INTTYPES_H 1
| #define HAVE_STDINT_H 1
| #define HAVE_UNISTD_H 1
| #define HAVE_DLFCN_H 1
| #define LT_OBJDIR ".libs/"
| #define HAVE_PTHREAD_PRIO_INHERIT 1
| #define OSX 1
| #define MHD_USE_POSIX_THREADS 1
| #define EPOLL_SUPPORT 0
| #define HAVE_FCNTL_H 1
| #define HAVE_MATH_H 1
| #define HAVE_ERRNO_H 1
| #define HAVE_LIMITS_H 1
| #define HAVE_STDIO_H 1
| #define HAVE_LOCALE_H 1
| #define HAVE_SYS_STAT_H 1
| #define HAVE_SYS_TYPES_H 1
| #define HAVE_PTHREAD_H 1
| #define HAVE_SYS_TYPES_H 1
| #define HAVE_SYS_TIME_H 1
| #define HAVE_SYS_MSG_H 1
| #define HAVE_NETDB_H 1
| #define HAVE_NETINET_IN_H 1
| #define HAVE_NETINET_TCP_H 1
| #define HAVE_TIME_H 1
| #define HAVE_SYS_SOCKET_H 1
| #define HAVE_SYS_MMAN_H 1
| #define HAVE_ARPA_INET_H 1
| #define HAVE_SYS_SELECT_H 1
| #define HAVE_POLL_H 1
| #define HAVE_SEARCH_H 1
| #define HAVE_SOCKADDR_IN_SIN_LEN 1
| #define HAVE_MEMMEM 1
| #define HAVE_DECL_SOCK_NONBLOCK 0
| #define HAVE_INET6 1
| /* end confdefs.h.  */
| #include <netinet/tcp.h>
| 
| int
| main ()
| {
| #ifndef TCP_CORK
| #ifdef __cplusplus
|   (void) TCP_CORK;
| #else
|   (void) TCP_CORK;
| #endif
| #endif
| 
|   ;
|   return 0;
| }
configure:13918: result: no
configure:13929: checking whether TCP_NOPUSH is declared
configure:13929: gcc -c -no-cpp-precomp -fno-common -g -O2 -fno-strict-aliasing  conftest.c >&5
configure:13929: $? = 0
configure:13929: result: yes
configure:13951: checking whether C compiler accepts -fvisibility=hidden
configure:13970: gcc -c -no-cpp-precomp -fno-common -g -O2 -fno-strict-aliasing  -fvisibility=hidden  conftest.c >&5
configure:13970: $? = 0
configure:13978: result: yes
configure:14041: checking for gawk
configure:14068: result: awk
configure:14130: checking for curl-config
configure:14148: found /usr/bin/curl-config
configure:14160: result: /usr/bin/curl-config
configure:14171: checking for the version of libcurl
configure:14178: result: 7.30.0
configure:14185: checking for libcurl >= version 7.16.4
configure:14198: result: yes
configure:14239: checking whether libcurl is usable
configure:14273: gcc -o conftest -no-cpp-precomp -fno-common -g -O2 -fno-strict-aliasing    conftest.c -lcurl  >&5
conftest.c:71:8: warning: if statement has empty body [-Wempty-body]
if (x) ;
       ^
conftest.c:71:8: note: put the semicolon on a separate line to silence this warning
1 warning generated.
configure:14273: $? = 0
configure:14287: result: yes
configure:14300: checking for curl_free
configure:14300: gcc -o conftest -no-cpp-precomp -fno-common -g -O2 -fno-strict-aliasing    conftest.c  -lcurl >&5
configure:14300: $? = 0
configure:14300: result: yes
configure:14420: checking for magic_open in -lmagic
configure:14445: gcc -o conftest -no-cpp-precomp -fno-common -g -O2 -fno-strict-aliasing   conftest.c -lmagic   >&5
ld: library not found for -lmagic
clang: error: linker command failed with exit code 1 (use -v to see invocation)
configure:14445: $? = 1
configure: failed program was:
| /* confdefs.h */
| #define PACKAGE_NAME "libmicrohttpd"
| #define PACKAGE_TARNAME "libmicrohttpd"
| #define PACKAGE_VERSION "0.9.37"
| #define PACKAGE_STRING "libmicrohttpd 0.9.37"
| #define PACKAGE_BUGREPORT "libmicrohttpd@gnu.org"
| #define PACKAGE_URL ""
| #define PACKAGE "libmicrohttpd"
| #define VERSION "0.9.37"
| #define STDC_HEADERS 1
| #define HAVE_SYS_TYPES_H 1
| #define HAVE_SYS_STAT_H 1
| #define HAVE_STDLIB_H 1
| #define HAVE_STRING_H 1
| #define HAVE_MEMORY_H 1
| #define HAVE_STRINGS_H 1
| #define HAVE_INTTYPES_H 1
| #define HAVE_STDINT_H 1
| #define HAVE_UNISTD_H 1
| #define HAVE_DLFCN_H 1
| #define LT_OBJDIR ".libs/"
| #define HAVE_PTHREAD_PRIO_INHERIT 1
| #define OSX 1
| #define MHD_USE_POSIX_THREADS 1
| #define EPOLL_SUPPORT 0
| #define HAVE_FCNTL_H 1
| #define HAVE_MATH_H 1
| #define HAVE_ERRNO_H 1
| #define HAVE_LIMITS_H 1
| #define HAVE_STDIO_H 1
| #define HAVE_LOCALE_H 1
| #define HAVE_SYS_STAT_H 1
| #define HAVE_SYS_TYPES_H 1
| #define HAVE_PTHREAD_H 1
| #define HAVE_SYS_TYPES_H 1
| #define HAVE_SYS_TIME_H 1
| #define HAVE_SYS_MSG_H 1
| #define HAVE_NETDB_H 1
| #define HAVE_NETINET_IN_H 1
| #define HAVE_NETINET_TCP_H 1
| #define HAVE_TIME_H 1
| #define HAVE_SYS_SOCKET_H 1
| #define HAVE_SYS_MMAN_H 1
| #define HAVE_ARPA_INET_H 1
| #define HAVE_SYS_SELECT_H 1
| #define HAVE_POLL_H 1
| #define HAVE_SEARCH_H 1
| #define HAVE_SOCKADDR_IN_SIN_LEN 1
| #define HAVE_MEMMEM 1
| #define HAVE_DECL_SOCK_NONBLOCK 0
| #define HAVE_INET6 1
| #define HAVE_DECL_TCP_CORK 0
| #define HAVE_DECL_TCP_NOPUSH 1
| #define _MHD_EXTERN __attribute__((visibility("default"))) extern
| #define HAVE_LIBCURL 1
| #define LIBCURL_FEATURE_SSL 1
| #define LIBCURL_FEATURE_IPV6 1
| #define LIBCURL_FEATURE_LIBZ 1
| #define LIBCURL_FEATURE_ASYNCHDNS 1
| #define LIBCURL_FEATURE_NTLM 1
| #define LIBCURL_FEATURE_NTLM_WB 1
| #define LIBCURL_PROTOCOL_DICT 1
| #define LIBCURL_PROTOCOL_FILE 1
| #define LIBCURL_PROTOCOL_FTP 1
| #define LIBCURL_PROTOCOL_FTPS 1
| #define LIBCURL_PROTOCOL_GOPHER 1
| #define LIBCURL_PROTOCOL_HTTP 1
| #define LIBCURL_PROTOCOL_HTTPS 1
| #define LIBCURL_PROTOCOL_IMAP 1
| #define LIBCURL_PROTOCOL_IMAPS 1
| #define LIBCURL_PROTOCOL_LDAP 1
| #define LIBCURL_PROTOCOL_LDAPS 1
| #define LIBCURL_PROTOCOL_POP3 1
| #define LIBCURL_PROTOCOL_POP3S 1
| #define LIBCURL_PROTOCOL_RTSP 1
| #define LIBCURL_PROTOCOL_SMTP 1
| #define LIBCURL_PROTOCOL_SMTPS 1
| #define LIBCURL_PROTOCOL_TELNET 1
| #define LIBCURL_PROTOCOL_TFTP 1
| #define MHD_REQ_CURL_VERSION "7.16.4"
| #define MHD_REQ_CURL_OPENSSL_VERSION "0.9.8"
| #define MHD_REQ_CURL_GNUTLS_VERSION "2.8.6"
| #define MHD_REQ_CURL_NSS_VERSION "3.12.0"
| /* end confdefs.h.  */
| 
| /* Override any GCC internal prototype to avoid an error.
|    Use char because int might match the return type of a GCC
|    builtin and then its argument prototype would still apply.  */
| #ifdef __cplusplus
| extern "C"
| #endif
| char magic_open ();
| int
| main ()
| {
| return magic_open ();
|   ;
|   return 0;
| }
configure:14454: result: no
configure:14531: checking for pkg-config
configure:14564: result: no
configure:14594: checking for openssl/ssl.h in /usr/local/ssl
configure:14605: result: no
configure:14594: checking for openssl/ssl.h in /usr/lib/ssl
configure:14605: result: no
configure:14594: checking for openssl/ssl.h in /usr/ssl
configure:14605: result: no
configure:14594: checking for openssl/ssl.h in /usr/pkg
configure:14605: result: no
configure:14594: checking for openssl/ssl.h in /usr/local
configure:14605: result: no
configure:14594: checking for openssl/ssl.h in /usr
configure:14605: result: no
configure:14617: checking whether compiling and linking against OpenSSL works
Trying link with OPENSSL_LDFLAGS=; OPENSSL_LIBS=; OPENSSL_INCLUDES=
configure:14639: gcc -o conftest -no-cpp-precomp -fno-common -g -O2 -fno-strict-aliasing     conftest.c   >&5
conftest.c:89:1: warning: 'SSL_new' is deprecated [-Wdeprecated-declarations]
SSL_new(NULL)
^
/Applications/Xcode.app/Contents/Developer/Platforms/MacOSX.platform/Developer/SDKs/MacOSX10.8.sdk/usr/include/openssl/ssl.h:1481:7: note: 'SSL_new' declared here
SSL *   SSL_new(SSL_CTX *ctx) DEPRECATED_IN_MAC_OS_X_VERSION_10_7_AND_LATER;
        ^
1 warning generated.
Undefined symbols for architecture x86_64:
  "_SSL_new", referenced from:
      _main in conftest-XuMdOq.o
ld: symbol(s) not found for architecture x86_64
clang: error: linker command failed with exit code 1 (use -v to see invocation)
configure:14639: $? = 1
configure: failed program was:
| /* confdefs.h */
| #define PACKAGE_NAME "libmicrohttpd"
| #define PACKAGE_TARNAME "libmicrohttpd"
| #define PACKAGE_VERSION "0.9.37"
| #define PACKAGE_STRING "libmicrohttpd 0.9.37"
| #define PACKAGE_BUGREPORT "libmicrohttpd@gnu.org"
| #define PACKAGE_URL ""
| #define PACKAGE "libmicrohttpd"
| #define VERSION "0.9.37"
| #define STDC_HEADERS 1
| #define HAVE_SYS_TYPES_H 1
| #define HAVE_SYS_STAT_H 1
| #define HAVE_STDLIB_H 1
| #define HAVE_STRING_H 1
| #define HAVE_MEMORY_H 1
| #define HAVE_STRINGS_H 1
| #define HAVE_INTTYPES_H 1
| #define HAVE_STDINT_H 1
| #define HAVE_UNISTD_H 1
| #define HAVE_DLFCN_H 1
| #define LT_OBJDIR ".libs/"
| #define HAVE_PTHREAD_PRIO_INHERIT 1
| #define OSX 1
| #define MHD_USE_POSIX_THREADS 1
| #define EPOLL_SUPPORT 0
| #define HAVE_FCNTL_H 1
| #define HAVE_MATH_H 1
| #define HAVE_ERRNO_H 1
| #define HAVE_LIMITS_H 1
| #define HAVE_STDIO_H 1
| #define HAVE_LOCALE_H 1
| #define HAVE_SYS_STAT_H 1
| #define HAVE_SYS_TYPES_H 1
| #define HAVE_PTHREAD_H 1
| #define HAVE_SYS_TYPES_H 1
| #define HAVE_SYS_TIME_H 1
| #define HAVE_SYS_MSG_H 1
| #define HAVE_NETDB_H 1
| #define HAVE_NETINET_IN_H 1
| #define HAVE_NETINET_TCP_H 1
| #define HAVE_TIME_H 1
| #define HAVE_SYS_SOCKET_H 1
| #define HAVE_SYS_MMAN_H 1
| #define HAVE_ARPA_INET_H 1
| #define HAVE_SYS_SELECT_H 1
| #define HAVE_POLL_H 1
| #define HAVE_SEARCH_H 1
| #define HAVE_SOCKADDR_IN_SIN_LEN 1
| #define HAVE_MEMMEM 1
| #define HAVE_DECL_SOCK_NONBLOCK 0
| #define HAVE_INET6 1
| #define HAVE_DECL_TCP_CORK 0
| #define HAVE_DECL_TCP_NOPUSH 1
| #define _MHD_EXTERN __attribute__((visibility("default"))) extern
| #define HAVE_LIBCURL 1
| #define LIBCURL_FEATURE_SSL 1
| #define LIBCURL_FEATURE_IPV6 1
| #define LIBCURL_FEATURE_LIBZ 1
| #define LIBCURL_FEATURE_ASYNCHDNS 1
| #define LIBCURL_FEATURE_NTLM 1
| #define LIBCURL_FEATURE_NTLM_WB 1
| #define LIBCURL_PROTOCOL_DICT 1
| #define LIBCURL_PROTOCOL_FILE 1
| #define LIBCURL_PROTOCOL_FTP 1
| #define LIBCURL_PROTOCOL_FTPS 1
| #define LIBCURL_PROTOCOL_GOPHER 1
| #define LIBCURL_PROTOCOL_HTTP 1
| #define LIBCURL_PROTOCOL_HTTPS 1
| #define LIBCURL_PROTOCOL_IMAP 1
| #define LIBCURL_PROTOCOL_IMAPS 1
| #define LIBCURL_PROTOCOL_LDAP 1
| #define LIBCURL_PROTOCOL_LDAPS 1
| #define LIBCURL_PROTOCOL_POP3 1
| #define LIBCURL_PROTOCOL_POP3S 1
| #define LIBCURL_PROTOCOL_RTSP 1
| #define LIBCURL_PROTOCOL_SMTP 1
| #define LIBCURL_PROTOCOL_SMTPS 1
| #define LIBCURL_PROTOCOL_TELNET 1
| #define LIBCURL_PROTOCOL_TFTP 1
| #define MHD_REQ_CURL_VERSION "7.16.4"
| #define MHD_REQ_CURL_OPENSSL_VERSION "0.9.8"
| #define MHD_REQ_CURL_GNUTLS_VERSION "2.8.6"
| #define MHD_REQ_CURL_NSS_VERSION "3.12.0"
| /* end confdefs.h.  */
| #include <openssl/ssl.h>
| int
| main ()
| {
| SSL_new(NULL)
|   ;
|   return 0;
| }
configure:14647: result: no
configure:14750: checking whether we have OpenSSL and thus can support libmicrospdy
configure:14752: result: no
configure:14769: checking spdylay/spdylay.h usability
configure:14769: gcc -c -no-cpp-precomp -fno-common -g -O2 -fno-strict-aliasing  conftest.c >&5
conftest.c:119:10: fatal error: 'spdylay/spdylay.h' file not found
#include <spdylay/spdylay.h>
         ^
1 error generated.
configure:14769: $? = 1
configure: failed program was:
| /* confdefs.h */
| #define PACKAGE_NAME "libmicrohttpd"
| #define PACKAGE_TARNAME "libmicrohttpd"
| #define PACKAGE_VERSION "0.9.37"
| #define PACKAGE_STRING "libmicrohttpd 0.9.37"
| #define PACKAGE_BUGREPORT "libmicrohttpd@gnu.org"
| #define PACKAGE_URL ""
| #define PACKAGE "libmicrohttpd"
| #define VERSION "0.9.37"
| #define STDC_HEADERS 1
| #define HAVE_SYS_TYPES_H 1
| #define HAVE_SYS_STAT_H 1
| #define HAVE_STDLIB_H 1
| #define HAVE_STRING_H 1
| #define HAVE_MEMORY_H 1
| #define HAVE_STRINGS_H 1
| #define HAVE_INTTYPES_H 1
| #define HAVE_STDINT_H 1
| #define HAVE_UNISTD_H 1
| #define HAVE_DLFCN_H 1
| #define LT_OBJDIR ".libs/"
| #define HAVE_PTHREAD_PRIO_INHERIT 1
| #define OSX 1
| #define MHD_USE_POSIX_THREADS 1
| #define EPOLL_SUPPORT 0
| #define HAVE_FCNTL_H 1
| #define HAVE_MATH_H 1
| #define HAVE_ERRNO_H 1
| #define HAVE_LIMITS_H 1
| #define HAVE_STDIO_H 1
| #define HAVE_LOCALE_H 1
| #define HAVE_SYS_STAT_H 1
| #define HAVE_SYS_TYPES_H 1
| #define HAVE_PTHREAD_H 1
| #define HAVE_SYS_TYPES_H 1
| #define HAVE_SYS_TIME_H 1
| #define HAVE_SYS_MSG_H 1
| #define HAVE_NETDB_H 1
| #define HAVE_NETINET_IN_H 1
| #define HAVE_NETINET_TCP_H 1
| #define HAVE_TIME_H 1
| #define HAVE_SYS_SOCKET_H 1
| #define HAVE_SYS_MMAN_H 1
| #define HAVE_ARPA_INET_H 1
| #define HAVE_SYS_SELECT_H 1
| #define HAVE_POLL_H 1
| #define HAVE_SEARCH_H 1
| #define HAVE_SOCKADDR_IN_SIN_LEN 1
| #define HAVE_MEMMEM 1
| #define HAVE_DECL_SOCK_NONBLOCK 0
| #define HAVE_INET6 1
| #define HAVE_DECL_TCP_CORK 0
| #define HAVE_DECL_TCP_NOPUSH 1
| #define _MHD_EXTERN __attribute__((visibility("default"))) extern
| #define HAVE_LIBCURL 1
| #define LIBCURL_FEATURE_SSL 1
| #define LIBCURL_FEATURE_IPV6 1
| #define LIBCURL_FEATURE_LIBZ 1
| #define LIBCURL_FEATURE_ASYNCHDNS 1
| #define LIBCURL_FEATURE_NTLM 1
| #define LIBCURL_FEATURE_NTLM_WB 1
| #define LIBCURL_PROTOCOL_DICT 1
| #define LIBCURL_PROTOCOL_FILE 1
| #define LIBCURL_PROTOCOL_FTP 1
| #define LIBCURL_PROTOCOL_FTPS 1
| #define LIBCURL_PROTOCOL_GOPHER 1
| #define LIBCURL_PROTOCOL_HTTP 1
| #define LIBCURL_PROTOCOL_HTTPS 1
| #define LIBCURL_PROTOCOL_IMAP 1
| #define LIBCURL_PROTOCOL_IMAPS 1
| #define LIBCURL_PROTOCOL_LDAP 1
| #define LIBCURL_PROTOCOL_LDAPS 1
| #define LIBCURL_PROTOCOL_POP3 1
| #define LIBCURL_PROTOCOL_POP3S 1
| #define LIBCURL_PROTOCOL_RTSP 1
| #define LIBCURL_PROTOCOL_SMTP 1
| #define LIBCURL_PROTOCOL_SMTPS 1
| #define LIBCURL_PROTOCOL_TELNET 1
| #define LIBCURL_PROTOCOL_TFTP 1
| #define MHD_REQ_CURL_VERSION "7.16.4"
| #define MHD_REQ_CURL_OPENSSL_VERSION "0.9.8"
| #define MHD_REQ_CURL_GNUTLS_VERSION "2.8.6"
| #define MHD_REQ_CURL_NSS_VERSION "3.12.0"
| #define SPDY_SUPPORT 0
| /* end confdefs.h.  */
| #include <stdio.h>
| #ifdef HAVE_SYS_TYPES_H
| # include <sys/types.h>
| #endif
| #ifdef HAVE_SYS_STAT_H
| # include <sys/stat.h>
| #endif
| #ifdef STDC_HEADERS
| # include <stdlib.h>
| # include <stddef.h>
| #else
| # ifdef HAVE_STDLIB_H
| #  include <stdlib.h>
| # endif
| #endif
| #ifdef HAVE_STRING_H
| # if !defined STDC_HEADERS && defined HAVE_MEMORY_H
| #  include <memory.h>
| # endif
| # include <string.h>
| #endif
| #ifdef HAVE_STRINGS_H
| # include <strings.h>
| #endif
| #ifdef HAVE_INTTYPES_H
| # include <inttypes.h>
| #endif
| #ifdef HAVE_STDINT_H
| # include <stdint.h>
| #endif
| #ifdef HAVE_UNISTD_H
| # include <unistd.h>
| #endif
| #include <spdylay/spdylay.h>
configure:14769: result: no
configure:14769: checking spdylay/spdylay.h presence
configure:14769: gcc -E  conftest.c
conftest.c:86:10: fatal error: 'spdylay/spdylay.h' file not found
#include <spdylay/spdylay.h>
         ^
1 error generated.
configure:14769: $? = 1
configure: failed program was:
| /* confdefs.h */
| #define PACKAGE_NAME "libmicrohttpd"
| #define PACKAGE_TARNAME "libmicrohttpd"
| #define PACKAGE_VERSION "0.9.37"
| #define PACKAGE_STRING "libmicrohttpd 0.9.37"
| #define PACKAGE_BUGREPORT "libmicrohttpd@gnu.org"
| #define PACKAGE_URL ""
| #define PACKAGE "libmicrohttpd"
| #define VERSION "0.9.37"
| #define STDC_HEADERS 1
| #define HAVE_SYS_TYPES_H 1
| #define HAVE_SYS_STAT_H 1
| #define HAVE_STDLIB_H 1
| #define HAVE_STRING_H 1
| #define HAVE_MEMORY_H 1
| #define HAVE_STRINGS_H 1
| #define HAVE_INTTYPES_H 1
| #define HAVE_STDINT_H 1
| #define HAVE_UNISTD_H 1
| #define HAVE_DLFCN_H 1
| #define LT_OBJDIR ".libs/"
| #define HAVE_PTHREAD_PRIO_INHERIT 1
| #define OSX 1
| #define MHD_USE_POSIX_THREADS 1
| #define EPOLL_SUPPORT 0
| #define HAVE_FCNTL_H 1
| #define HAVE_MATH_H 1
| #define HAVE_ERRNO_H 1
| #define HAVE_LIMITS_H 1
| #define HAVE_STDIO_H 1
| #define HAVE_LOCALE_H 1
| #define HAVE_SYS_STAT_H 1
| #define HAVE_SYS_TYPES_H 1
| #define HAVE_PTHREAD_H 1
| #define HAVE_SYS_TYPES_H 1
| #define HAVE_SYS_TIME_H 1
| #define HAVE_SYS_MSG_H 1
| #define HAVE_NETDB_H 1
| #define HAVE_NETINET_IN_H 1
| #define HAVE_NETINET_TCP_H 1
| #define HAVE_TIME_H 1
| #define HAVE_SYS_SOCKET_H 1
| #define HAVE_SYS_MMAN_H 1
| #define HAVE_ARPA_INET_H 1
| #define HAVE_SYS_SELECT_H 1
| #define HAVE_POLL_H 1
| #define HAVE_SEARCH_H 1
| #define HAVE_SOCKADDR_IN_SIN_LEN 1
| #define HAVE_MEMMEM 1
| #define HAVE_DECL_SOCK_NONBLOCK 0
| #define HAVE_INET6 1
| #define HAVE_DECL_TCP_CORK 0
| #define HAVE_DECL_TCP_NOPUSH 1
| #define _MHD_EXTERN __attribute__((visibility("default"))) extern
| #define HAVE_LIBCURL 1
| #define LIBCURL_FEATURE_SSL 1
| #define LIBCURL_FEATURE_IPV6 1
| #define LIBCURL_FEATURE_LIBZ 1
| #define LIBCURL_FEATURE_ASYNCHDNS 1
| #define LIBCURL_FEATURE_NTLM 1
| #define LIBCURL_FEATURE_NTLM_WB 1
| #define LIBCURL_PROTOCOL_DICT 1
| #define LIBCURL_PROTOCOL_FILE 1
| #define LIBCURL_PROTOCOL_FTP 1
| #define LIBCURL_PROTOCOL_FTPS 1
| #define LIBCURL_PROTOCOL_GOPHER 1
| #define LIBCURL_PROTOCOL_HTTP 1
| #define LIBCURL_PROTOCOL_HTTPS 1
| #define LIBCURL_PROTOCOL_IMAP 1
| #define LIBCURL_PROTOCOL_IMAPS 1
| #define LIBCURL_PROTOCOL_LDAP 1
| #define LIBCURL_PROTOCOL_LDAPS 1
| #define LIBCURL_PROTOCOL_POP3 1
| #define LIBCURL_PROTOCOL_POP3S 1
| #define LIBCURL_PROTOCOL_RTSP 1
| #define LIBCURL_PROTOCOL_SMTP 1
| #define LIBCURL_PROTOCOL_SMTPS 1
| #define LIBCURL_PROTOCOL_TELNET 1
| #define LIBCURL_PROTOCOL_TFTP 1
| #define MHD_REQ_CURL_VERSION "7.16.4"
| #define MHD_REQ_CURL_OPENSSL_VERSION "0.9.8"
| #define MHD_REQ_CURL_GNUTLS_VERSION "2.8.6"
| #define MHD_REQ_CURL_NSS_VERSION "3.12.0"
| #define SPDY_SUPPORT 0
| /* end confdefs.h.  */
| #include <spdylay/spdylay.h>
configure:14769: result: no
configure:14769: checking for spdylay/spdylay.h
configure:14769: result: no
configure:14798: checking for special C compiler options needed for large files
configure:14843: result: no
configure:14849: checking for _FILE_OFFSET_BITS value needed for large files
configure:14874: gcc -c -no-cpp-precomp -fno-common -g -O2 -fno-strict-aliasing  conftest.c >&5
configure:14874: $? = 0
configure:14906: result: no
configure:14991: checking for _LARGEFILE_SOURCE value needed for large files
configure:15010: gcc -o conftest -no-cpp-precomp -fno-common -g -O2 -fno-strict-aliasing   conftest.c  >&5
configure:15010: $? = 0
configure:15038: result: no
configure:15061: checking whether to generate error messages
configure:15070: result: yes
configure:15085: checking whether to enable postprocessor
configure:15095: result: yes
configure:15116: checking for zzuf
configure:15144: result: no
configure:15154: checking for socat
configure:15182: result: no
configure:15272: checking for libgcrypt-config
configure:15305: result: no
configure:15333: checking for LIBGCRYPT - version >= 1.2.2
configure:15370: result: no
configure:15457: checking for gnutls
configure:15750: result: --with-gnutls not specified
configure:15754: checking gnutls/gnutls.h usability
configure:15754: gcc -c -no-cpp-precomp -fno-common -g -O2 -fno-strict-aliasing  conftest.c >&5
conftest.c:122:10: fatal error: 'gnutls/gnutls.h' file not found
#include <gnutls/gnutls.h>
         ^
1 error generated.
configure:15754: $? = 1
configure: failed program was:
| /* confdefs.h */
| #define PACKAGE_NAME "libmicrohttpd"
| #define PACKAGE_TARNAME "libmicrohttpd"
| #define PACKAGE_VERSION "0.9.37"
| #define PACKAGE_STRING "libmicrohttpd 0.9.37"
| #define PACKAGE_BUGREPORT "libmicrohttpd@gnu.org"
| #define PACKAGE_URL ""
| #define PACKAGE "libmicrohttpd"
| #define VERSION "0.9.37"
| #define STDC_HEADERS 1
| #define HAVE_SYS_TYPES_H 1
| #define HAVE_SYS_STAT_H 1
| #define HAVE_STDLIB_H 1
| #define HAVE_STRING_H 1
| #define HAVE_MEMORY_H 1
| #define HAVE_STRINGS_H 1
| #define HAVE_INTTYPES_H 1
| #define HAVE_STDINT_H 1
| #define HAVE_UNISTD_H 1
| #define HAVE_DLFCN_H 1
| #define LT_OBJDIR ".libs/"
| #define HAVE_PTHREAD_PRIO_INHERIT 1
| #define OSX 1
| #define MHD_USE_POSIX_THREADS 1
| #define EPOLL_SUPPORT 0
| #define HAVE_FCNTL_H 1
| #define HAVE_MATH_H 1
| #define HAVE_ERRNO_H 1
| #define HAVE_LIMITS_H 1
| #define HAVE_STDIO_H 1
| #define HAVE_LOCALE_H 1
| #define HAVE_SYS_STAT_H 1
| #define HAVE_SYS_TYPES_H 1
| #define HAVE_PTHREAD_H 1
| #define HAVE_SYS_TYPES_H 1
| #define HAVE_SYS_TIME_H 1
| #define HAVE_SYS_MSG_H 1
| #define HAVE_NETDB_H 1
| #define HAVE_NETINET_IN_H 1
| #define HAVE_NETINET_TCP_H 1
| #define HAVE_TIME_H 1
| #define HAVE_SYS_SOCKET_H 1
| #define HAVE_SYS_MMAN_H 1
| #define HAVE_ARPA_INET_H 1
| #define HAVE_SYS_SELECT_H 1
| #define HAVE_POLL_H 1
| #define HAVE_SEARCH_H 1
| #define HAVE_SOCKADDR_IN_SIN_LEN 1
| #define HAVE_MEMMEM 1
| #define HAVE_DECL_SOCK_NONBLOCK 0
| #define HAVE_INET6 1
| #define HAVE_DECL_TCP_CORK 0
| #define HAVE_DECL_TCP_NOPUSH 1
| #define _MHD_EXTERN __attribute__((visibility("default"))) extern
| #define HAVE_LIBCURL 1
| #define LIBCURL_FEATURE_SSL 1
| #define LIBCURL_FEATURE_IPV6 1
| #define LIBCURL_FEATURE_LIBZ 1
| #define LIBCURL_FEATURE_ASYNCHDNS 1
| #define LIBCURL_FEATURE_NTLM 1
| #define LIBCURL_FEATURE_NTLM_WB 1
| #define LIBCURL_PROTOCOL_DICT 1
| #define LIBCURL_PROTOCOL_FILE 1
| #define LIBCURL_PROTOCOL_FTP 1
| #define LIBCURL_PROTOCOL_FTPS 1
| #define LIBCURL_PROTOCOL_GOPHER 1
| #define LIBCURL_PROTOCOL_HTTP 1
| #define LIBCURL_PROTOCOL_HTTPS 1
| #define LIBCURL_PROTOCOL_IMAP 1
| #define LIBCURL_PROTOCOL_IMAPS 1
| #define LIBCURL_PROTOCOL_LDAP 1
| #define LIBCURL_PROTOCOL_LDAPS 1
| #define LIBCURL_PROTOCOL_POP3 1
| #define LIBCURL_PROTOCOL_POP3S 1
| #define LIBCURL_PROTOCOL_RTSP 1
| #define LIBCURL_PROTOCOL_SMTP 1
| #define LIBCURL_PROTOCOL_SMTPS 1
| #define LIBCURL_PROTOCOL_TELNET 1
| #define LIBCURL_PROTOCOL_TFTP 1
| #define MHD_REQ_CURL_VERSION "7.16.4"
| #define MHD_REQ_CURL_OPENSSL_VERSION "0.9.8"
| #define MHD_REQ_CURL_GNUTLS_VERSION "2.8.6"
| #define MHD_REQ_CURL_NSS_VERSION "3.12.0"
| #define SPDY_SUPPORT 0
| #define HAVE_FSEEKO 1
| #define HAVE_MESSAGES 1
| #define HAVE_POSTPROCESSOR 1
| /* end confdefs.h.  */
| #include <stdio.h>
| #ifdef HAVE_SYS_TYPES_H
| # include <sys/types.h>
| #endif
| #ifdef HAVE_SYS_STAT_H
| # include <sys/stat.h>
| #endif
| #ifdef STDC_HEADERS
| # include <stdlib.h>
| # include <stddef.h>
| #else
| # ifdef HAVE_STDLIB_H
| #  include <stdlib.h>
| # endif
| #endif
| #ifdef HAVE_STRING_H
| # if !defined STDC_HEADERS && defined HAVE_MEMORY_H
| #  include <memory.h>
| # endif
| # include <string.h>
| #endif
| #ifdef HAVE_STRINGS_H
| # include <strings.h>
| #endif
| #ifdef HAVE_INTTYPES_H
| # include <inttypes.h>
| #endif
| #ifdef HAVE_STDINT_H
| # include <stdint.h>
| #endif
| #ifdef HAVE_UNISTD_H
| # include <unistd.h>
| #endif
| #include <gnutls/gnutls.h>
configure:15754: result: no
configure:15754: checking gnutls/gnutls.h presence
configure:15754: gcc -E  conftest.c
conftest.c:89:10: fatal error: 'gnutls/gnutls.h' file not found
#include <gnutls/gnutls.h>
         ^
1 error generated.
configure:15754: $? = 1
configure: failed program was:
| /* confdefs.h */
| #define PACKAGE_NAME "libmicrohttpd"
| #define PACKAGE_TARNAME "libmicrohttpd"
| #define PACKAGE_VERSION "0.9.37"
| #define PACKAGE_STRING "libmicrohttpd 0.9.37"
| #define PACKAGE_BUGREPORT "libmicrohttpd@gnu.org"
| #define PACKAGE_URL ""
| #define PACKAGE "libmicrohttpd"
| #define VERSION "0.9.37"
| #define STDC_HEADERS 1
| #define HAVE_SYS_TYPES_H 1
| #define HAVE_SYS_STAT_H 1
| #define HAVE_STDLIB_H 1
| #define HAVE_STRING_H 1
| #define HAVE_MEMORY_H 1
| #define HAVE_STRINGS_H 1
| #define HAVE_INTTYPES_H 1
| #define HAVE_STDINT_H 1
| #define HAVE_UNISTD_H 1
| #define HAVE_DLFCN_H 1
| #define LT_OBJDIR ".libs/"
| #define HAVE_PTHREAD_PRIO_INHERIT 1
| #define OSX 1
| #define MHD_USE_POSIX_THREADS 1
| #define EPOLL_SUPPORT 0
| #define HAVE_FCNTL_H 1
| #define HAVE_MATH_H 1
| #define HAVE_ERRNO_H 1
| #define HAVE_LIMITS_H 1
| #define HAVE_STDIO_H 1
| #define HAVE_LOCALE_H 1
| #define HAVE_SYS_STAT_H 1
| #define HAVE_SYS_TYPES_H 1
| #define HAVE_PTHREAD_H 1
| #define HAVE_SYS_TYPES_H 1
| #define HAVE_SYS_TIME_H 1
| #define HAVE_SYS_MSG_H 1
| #define HAVE_NETDB_H 1
| #define HAVE_NETINET_IN_H 1
| #define HAVE_NETINET_TCP_H 1
| #define HAVE_TIME_H 1
| #define HAVE_SYS_SOCKET_H 1
| #define HAVE_SYS_MMAN_H 1
| #define HAVE_ARPA_INET_H 1
| #define HAVE_SYS_SELECT_H 1
| #define HAVE_POLL_H 1
| #define HAVE_SEARCH_H 1
| #define HAVE_SOCKADDR_IN_SIN_LEN 1
| #define HAVE_MEMMEM 1
| #define HAVE_DECL_SOCK_NONBLOCK 0
| #define HAVE_INET6 1
| #define HAVE_DECL_TCP_CORK 0
| #define HAVE_DECL_TCP_NOPUSH 1
| #define _MHD_EXTERN __attribute__((visibility("default"))) extern
| #define HAVE_LIBCURL 1
| #define LIBCURL_FEATURE_SSL 1
| #define LIBCURL_FEATURE_IPV6 1
| #define LIBCURL_FEATURE_LIBZ 1
| #define LIBCURL_FEATURE_ASYNCHDNS 1
| #define LIBCURL_FEATURE_NTLM 1
| #define LIBCURL_FEATURE_NTLM_WB 1
| #define LIBCURL_PROTOCOL_DICT 1
| #define LIBCURL_PROTOCOL_FILE 1
| #define LIBCURL_PROTOCOL_FTP 1
| #define LIBCURL_PROTOCOL_FTPS 1
| #define LIBCURL_PROTOCOL_GOPHER 1
| #define LIBCURL_PROTOCOL_HTTP 1
| #define LIBCURL_PROTOCOL_HTTPS 1
| #define LIBCURL_PROTOCOL_IMAP 1
| #define LIBCURL_PROTOCOL_IMAPS 1
| #define LIBCURL_PROTOCOL_LDAP 1
| #define LIBCURL_PROTOCOL_LDAPS 1
| #define LIBCURL_PROTOCOL_POP3 1
| #define LIBCURL_PROTOCOL_POP3S 1
| #define LIBCURL_PROTOCOL_RTSP 1
| #define LIBCURL_PROTOCOL_SMTP 1
| #define LIBCURL_PROTOCOL_SMTPS 1
| #define LIBCURL_PROTOCOL_TELNET 1
| #define LIBCURL_PROTOCOL_TFTP 1
| #define MHD_REQ_CURL_VERSION "7.16.4"
| #define MHD_REQ_CURL_OPENSSL_VERSION "0.9.8"
| #define MHD_REQ_CURL_GNUTLS_VERSION "2.8.6"
| #define MHD_REQ_CURL_NSS_VERSION "3.12.0"
| #define SPDY_SUPPORT 0
| #define HAVE_FSEEKO 1
| #define HAVE_MESSAGES 1
| #define HAVE_POSTPROCESSOR 1
| /* end confdefs.h.  */
| #include <gnutls/gnutls.h>
configure:15754: result: no
configure:15754: checking for gnutls/gnutls.h
configure:15754: result: no
configure:15909: checking whether to support HTTPS
configure:15955: result: no (lacking libgrypt and libgnutls)
configure:15968: checking whether to support HTTP basic authentication
configure:15988: result: yes
configure:16000: checking whether to support HTTP digest authentication
configure:16020: result: yes
configure:16036: checking whether to compile with support for code coverage analysis
configure:16045: result: no
configure:16059: checking the number of available CPUs
configure:16118: result: 4 
configure:16381: creating ./config.status

## ---------------------- ##
## Running config.status. ##
## ---------------------- ##

This file was extended by libmicrohttpd config.status 0.9.37, which was
generated by GNU Autoconf 2.69.  Invocation command line was

  CONFIG_FILES    = 
  CONFIG_HEADERS  = 
  CONFIG_LINKS    = 
  CONFIG_COMMANDS = 
  $ ./config.status 

on iOStekiMac-mini.local

config.status:1306: creating src/microhttpd/microhttpd_dll_res.rc
config.status:1306: creating libmicrohttpd.pc
config.status:1306: creating libmicrospdy.pc
config.status:1306: creating Makefile
config.status:1306: creating contrib/Makefile
config.status:1306: creating doc/Makefile
config.status:1306: creating doc/doxygen/Makefile
config.status:1306: creating doc/examples/Makefile
config.status:1306: creating m4/Makefile
config.status:1306: creating src/Makefile
config.status:1306: creating src/include/Makefile
config.status:1306: creating src/platform/Makefile
config.status:1306: creating src/microhttpd/Makefile
config.status:1306: creating src/microspdy/Makefile
config.status:1306: creating src/spdy2http/Makefile
config.status:1306: creating src/examples/Makefile
config.status:1306: creating src/testcurl/Makefile
config.status:1306: creating src/testcurl/https/Makefile
config.status:1306: creating src/testspdy/Makefile
config.status:1306: creating src/testzzuf/Makefile
config.status:1306: creating MHD_config.h
config.status:1535: executing depfiles commands
config.status:1535: executing libtool commands
configure:18867: Configuration Summary:
  Operating System:  darwin13.3.0
  Threading lib:     posix
  libcurl (testing): yes
  Target directory:  /usr/local
  Messages:          yes
  Basic auth.:       yes
  Digest auth.:      yes
  Postproc:          yes
  HTTPS support:     no (lacking libgrypt and libgnutls)
  epoll support:     no
  build docs:        yes
  build examples:    yes
  libmicrospdy:      no
  spdylay (testing): no

configure:18896:
  License         :  LGPL or eCos


## ---------------- ##
## Cache variables. ##
## ---------------- ##

ac_cv_build=x86_64-apple-darwin13.3.0
ac_cv_c_bigendian=no
ac_cv_c_compiler_gnu=yes
ac_cv_env_CC_set=
ac_cv_env_CC_value=
ac_cv_env_CFLAGS_set=
ac_cv_env_CFLAGS_value=
ac_cv_env_CPPFLAGS_set=
ac_cv_env_CPPFLAGS_value=
ac_cv_env_CPP_set=
ac_cv_env_CPP_value=
ac_cv_env_LDFLAGS_set=
ac_cv_env_LDFLAGS_value=
ac_cv_env_LIBS_set=
ac_cv_env_LIBS_value=
ac_cv_env_build_alias_set=
ac_cv_env_build_alias_value=
ac_cv_env_host_alias_set=
ac_cv_env_host_alias_value=
ac_cv_env_target_alias_set=
ac_cv_env_target_alias_value=
ac_cv_func_accept4=no
ac_cv_func_curl_free=yes
ac_cv_func_memmem=yes
ac_cv_have_decl_SOCK_NONBLOCK=no
ac_cv_have_decl_TCP_CORK=no
ac_cv_have_decl_TCP_NOPUSH=yes
ac_cv_header_arpa_inet_h=yes
ac_cv_header_dlfcn_h=yes
ac_cv_header_errno_h=yes
ac_cv_header_fcntl_h=yes
ac_cv_header_gnutls_gnutls_h=no
ac_cv_header_inttypes_h=yes
ac_cv_header_limits_h=yes
ac_cv_header_linux_version_h=no
ac_cv_header_locale_h=yes
ac_cv_header_math_h=yes
ac_cv_header_memory_h=yes
ac_cv_header_netdb_h=yes
ac_cv_header_netinet_in_h=yes
ac_cv_header_netinet_tcp_h=yes
ac_cv_header_poll_h=yes
ac_cv_header_pthread_h=yes
ac_cv_header_search_h=yes
ac_cv_header_spdylay_spdylay_h=no
ac_cv_header_stdc=yes
ac_cv_header_stdint_h=yes
ac_cv_header_stdio_h=yes
ac_cv_header_stdlib_h=yes
ac_cv_header_string_h=yes
ac_cv_header_strings_h=yes
ac_cv_header_sys_mman_h=yes
ac_cv_header_sys_msg_h=yes
ac_cv_header_sys_select_h=yes
ac_cv_header_sys_socket_h=yes
ac_cv_header_sys_stat_h=yes
ac_cv_header_sys_time_h=yes
ac_cv_header_sys_types_h=yes
ac_cv_header_time_h=yes
ac_cv_header_unistd_h=yes
ac_cv_header_windows_h=no
ac_cv_host=x86_64-apple-darwin13.3.0
ac_cv_lib_magic_magic_open=no
ac_cv_member_struct_sockaddr_in_sin_len=yes
ac_cv_objext=o
ac_cv_path_EGREP='/usr/bin/grep -E'
ac_cv_path_FGREP='/usr/bin/grep -F'
ac_cv_path_GREP=/usr/bin/grep
ac_cv_path_SED=/usr/bin/sed
ac_cv_path__libcurl_config=/usr/bin/curl-config
ac_cv_path_install='/usr/bin/install -c'
ac_cv_prog_AWK=awk
ac_cv_prog_CPP='gcc -E'
ac_cv_prog_HAVE_CURL_BINARY=yes
ac_cv_prog_HAVE_MAKEINFO_BINARY=yes
ac_cv_prog_ac_ct_AR=ar
ac_cv_prog_ac_ct_CC=gcc
ac_cv_prog_ac_ct_DSYMUTIL=dsymutil
ac_cv_prog_ac_ct_LIPO=lipo
ac_cv_prog_ac_ct_NMEDIT=nmedit
ac_cv_prog_ac_ct_OTOOL=otool
ac_cv_prog_ac_ct_RANLIB=ranlib
ac_cv_prog_ac_ct_STRIP=strip
ac_cv_prog_cc_c89=
ac_cv_prog_cc_g=yes
ac_cv_prog_cc_gcc_c_o=yes
ac_cv_prog_have_socat=no
ac_cv_prog_have_zzuf=no
ac_cv_prog_make_make_set=yes
ac_cv_search_clock_gettime=no
ac_cv_sys_file_offset_bits=no
ac_cv_sys_largefile_CC=no
ac_cv_sys_largefile_source=no
am_cv_CC_dependencies_compiler_type=gcc3
am_cv_make_support_nested_variables=yes
ax_cv_PTHREAD_PRIO_INHERIT=yes
ax_cv_check_cflags___fno_strict_aliasing=yes
ax_cv_check_cflags___fvisibility_hidden=yes
ax_cv_have_epoll=no
libcurl_cv_lib_curl_usable=yes
libcurl_cv_lib_curl_version=7.30.0
libcurl_cv_lib_version_ok=yes
lt_cv_apple_cc_single_mod=yes
lt_cv_ar_at_file=no
lt_cv_deplibs_check_method=pass_all
lt_cv_file_magic_cmd='$MAGIC_CMD'
lt_cv_file_magic_test_file=
lt_cv_ld_exported_symbols_list=yes
lt_cv_ld_force_load=yes
lt_cv_ld_reload_flag=-r
lt_cv_nm_interface='BSD nm'
lt_cv_objdir=.libs
lt_cv_path_LD=/Applications/Xcode.app/Contents/Developer/Toolchains/XcodeDefault.xctoolchain/usr/bin/ld
lt_cv_path_NM=/usr/bin/nm
lt_cv_path_mainfest_tool=no
lt_cv_prog_compiler_c_o=yes
lt_cv_prog_compiler_c_o_RC=yes
lt_cv_prog_compiler_pic='-fno-common -DPIC'
lt_cv_prog_compiler_pic_works=yes
lt_cv_prog_compiler_rtti_exceptions=yes
lt_cv_prog_compiler_static_works=no
lt_cv_prog_gnu_ld=no
lt_cv_sharedlib_from_linklib_cmd='printf %s\n'
lt_cv_sys_global_symbol_pipe='sed -n -e '\''s/^.*[	 ]\([BCDEGRST][BCDEGRST]*\)[	 ][	 ]*_\([_A-Za-z][_A-Za-z0-9]*\)$/\1 _\2 \2/p'\'' | sed '\''/ __gnu_lto/d'\'''
lt_cv_sys_global_symbol_to_c_name_address='sed -n -e '\''s/^: \([^ ]*\)[ ]*$/  {\"\1\", (void *) 0},/p'\'' -e '\''s/^[BCDEGRST]* \([^ ]*\) \([^ ]*\)$/  {"\2", (void *) \&\2},/p'\'''
lt_cv_sys_global_symbol_to_c_name_address_lib_prefix='sed -n -e '\''s/^: \([^ ]*\)[ ]*$/  {\"\1\", (void *) 0},/p'\'' -e '\''s/^[BCDEGRST]* \([^ ]*\) \(lib[^ ]*\)$/  {"\2", (void *) \&\2},/p'\'' -e '\''s/^[BCDEGRST]* \([^ ]*\) \([^ ]*\)$/  {"lib\2", (void *) \&\2},/p'\'''
lt_cv_sys_global_symbol_to_cdecl='sed -n -e '\''s/^T .* \(.*\)$/extern int \1();/p'\'' -e '\''s/^[BCDEGRST]* .* \(.*\)$/extern char \1;/p'\'''
lt_cv_sys_max_cmd_len=196608
lt_cv_to_host_file_cmd=func_convert_file_noop
lt_cv_to_tool_file_cmd=func_convert_file_noop

## ----------------- ##
## Output variables. ##
## ----------------- ##

ACLOCAL='${SHELL} /Users/sagnitude/Desktop/workspace/test_projects/cchaosrng/lib/libmicrohttpd-0.9.37/missing --run aclocal-1.11'
AMDEPBACKSLASH='\'
AMDEP_FALSE='#'
AMDEP_TRUE=''
AMTAR='$${TAR-tar}'
AM_BACKSLASH='\'
AM_DEFAULT_V='$(AM_DEFAULT_VERBOSITY)'
AM_DEFAULT_VERBOSITY='1'
AM_V='$(V)'
AR='ar'
AS='as'
AUTOCONF='${SHELL} /Users/sagnitude/Desktop/workspace/test_projects/cchaosrng/lib/libmicrohttpd-0.9.37/missing --run autoconf'
AUTOHEADER='${SHELL} /Users/sagnitude/Desktop/workspace/test_projects/cchaosrng/lib/libmicrohttpd-0.9.37/missing --run autoheader'
AUTOMAKE='${SHELL} /Users/sagnitude/Desktop/workspace/test_projects/cchaosrng/lib/libmicrohttpd-0.9.37/missing --run automake-1.11'
AWK='awk'
BUILD_DOC_FALSE='#'
BUILD_DOC_TRUE=''
BUILD_EXAMPLES_FALSE='#'
BUILD_EXAMPLES_TRUE=''
CC='gcc'
CCDEPMODE='depmode=gcc3'
CFLAGS='-no-cpp-precomp -fno-common -g -O2 -fno-strict-aliasing'
CPP='gcc -E'
CPPFLAGS=''
CPU_COUNT='4'
CYGPATH_W='echo'
DEFS='-DHAVE_CONFIG_H'
DEPDIR='.deps'
DLLTOOL='false'
DSYMUTIL='dsymutil'
DUMPBIN=''
ECHO_C='\c'
ECHO_N=''
ECHO_T=''
EGREP='/usr/bin/grep -E'
ENABLE_BAUTH_FALSE='#'
ENABLE_BAUTH_TRUE=''
ENABLE_DAUTH_FALSE='#'
ENABLE_DAUTH_TRUE=''
ENABLE_HTTPS_FALSE=''
ENABLE_HTTPS_TRUE='#'
ENABLE_SPDY_FALSE=''
ENABLE_SPDY_TRUE='#'
EXEEXT=''
FGREP='/usr/bin/grep -F'
GNUTLS_CPPFLAGS=''
GNUTLS_LDFLAGS=''
GNUTLS_LIBS=''
GREP='/usr/bin/grep'
HAVE_CURL_BINARY='yes'
HAVE_CURL_BINARY_FALSE='#'
HAVE_CURL_BINARY_TRUE=''
HAVE_CURL_FALSE='#'
HAVE_CURL_TRUE=''
HAVE_GNUTLS_FALSE=''
HAVE_GNUTLS_SNI_FALSE=''
HAVE_GNUTLS_SNI_TRUE='#'
HAVE_GNUTLS_TRUE='#'
HAVE_MAGIC_FALSE=''
HAVE_MAGIC_TRUE='#'
HAVE_MAKEINFO_BINARY='yes'
HAVE_MAKEINFO_BINARY_FALSE='#'
HAVE_MAKEINFO_BINARY_TRUE=''
HAVE_OPENSSL_FALSE=''
HAVE_OPENSSL_TRUE='#'
HAVE_POSIX_THREADS_FALSE='#'
HAVE_POSIX_THREADS_TRUE=''
HAVE_POSTPROCESSOR_FALSE='#'
HAVE_POSTPROCESSOR_TRUE=''
HAVE_SOCAT_FALSE=''
HAVE_SOCAT_TRUE='#'
HAVE_SPDYLAY_FALSE=''
HAVE_SPDYLAY_TRUE='#'
HAVE_TSEARCH_FALSE='#'
HAVE_TSEARCH_TRUE=''
HAVE_W32_FALSE=''
HAVE_W32_TRUE='#'
HAVE_ZZUF_FALSE=''
HAVE_ZZUF_TRUE='#'
HIDDEN_VISIBILITY_CFLAGS='-fvisibility=hidden'
INSTALL_DATA='${INSTALL} -m 644'
INSTALL_PROGRAM='${INSTALL}'
INSTALL_SCRIPT='${INSTALL}'
INSTALL_STRIP_PROGRAM='$(install_sh) -c -s'
LD='/Applications/Xcode.app/Contents/Developer/Toolchains/XcodeDefault.xctoolchain/usr/bin/ld'
LDFLAGS=''
LIBCURL='-lcurl'
LIBCURL_CPPFLAGS=''
LIBGCRYPT_CFLAGS=''
LIBGCRYPT_CONFIG='no'
LIBGCRYPT_LIBS=''
LIBOBJS=''
LIBS=''
LIBSPDY_VERSION_AGE='0'
LIBSPDY_VERSION_CURRENT='0'
LIBSPDY_VERSION_REVISION='0'
LIBTOOL='$(SHELL) $(top_builddir)/libtool'
LIB_VERSION_AGE='27'
LIB_VERSION_CURRENT='37'
LIB_VERSION_REVISION='0'
LIPO='lipo'
LN_S='ln -s'
LTLIBOBJS=''
MAKEINFO='${SHELL} /Users/sagnitude/Desktop/workspace/test_projects/cchaosrng/lib/libmicrohttpd-0.9.37/missing --run makeinfo'
MANIFEST_TOOL=':'
MHD_LIBDEPS=' '
MHD_LIB_CFLAGS=' -D_THREAD_SAFE -pthread'
MHD_LIB_CPPFLAGS=''
MHD_LIB_LDFLAGS=' -export-dynamic -no-undefined'
MKDIR_P='./install-sh -c -d'
MS_LIB_TOOL=''
NM='/usr/bin/nm'
NMEDIT='nmedit'
OBJDUMP='false'
OBJEXT='o'
OPENSSL_INCLUDES=''
OPENSSL_LDFLAGS=''
OPENSSL_LIBS=''
OTOOL64=':'
OTOOL='otool'
PACKAGE='libmicrohttpd'
PACKAGE_BUGREPORT='libmicrohttpd@gnu.org'
PACKAGE_NAME='libmicrohttpd'
PACKAGE_STRING='libmicrohttpd 0.9.37'
PACKAGE_TARNAME='libmicrohttpd'
PACKAGE_URL=''
PACKAGE_VERSION='0.9.37'
PACKAGE_VERSION_MAJOR='0'
PACKAGE_VERSION_MINOR='9'
PACKAGE_VERSION_SUBMINOR='37'
PATH_SEPARATOR=':'
PKG_CONFIG=''
PTHREAD_CC='gcc'
PTHREAD_CFLAGS='-D_THREAD_SAFE -pthread'
PTHREAD_LIBS=''
RANLIB='ranlib'
RC=''
SED='/usr/bin/sed'
SET_MAKE=''
SHELL='/bin/sh'
SPDY_LIBDEPS=''
SPDY_LIB_CFLAGS='-no-cpp-precomp -fno-common -g -O2 -fno-strict-aliasing'
SPDY_LIB_CPPFLAGS=' '
SPDY_LIB_LDFLAGS=' '
STRIP='strip'
USE_COVERAGE_FALSE=''
USE_COVERAGE_TRUE='#'
USE_MS_LIB_TOOL_FALSE=''
USE_MS_LIB_TOOL_TRUE='#'
USE_POSIX_THREADS_FALSE='#'
USE_POSIX_THREADS_TRUE=''
USE_W32_THREADS_FALSE=''
USE_W32_THREADS_TRUE='#'
VERSION='0.9.37'
W32_SHARED_LIB_EXP_FALSE=''
W32_SHARED_LIB_EXP_TRUE='#'
W32_STATIC_LIB_FALSE=''
W32_STATIC_LIB_TRUE='#'
_libcurl_config=''
ac_ct_AR='ar'
ac_ct_CC='gcc'
ac_ct_DUMPBIN=''
am__EXEEXT_FALSE=''
am__EXEEXT_TRUE='#'
am__fastdepCC_FALSE='#'
am__fastdepCC_TRUE=''
am__include='include'
am__isrc=''
am__leading_dot='.'
am__nodep='_no'
am__quote=''
am__tar='$${TAR-tar} chof - "$$tardir"'
am__untar='$${TAR-tar} xf -'
ax_pthread_config=''
bindir='${exec_prefix}/bin'
build='x86_64-apple-darwin13.3.0'
build_alias=''
build_cpu='x86_64'
build_os='darwin13.3.0'
build_vendor='apple'
datadir='${datarootdir}'
datarootdir='${prefix}/share'
docdir='${datarootdir}/doc/${PACKAGE_TARNAME}'
dvidir='${docdir}'
exec_prefix='${prefix}'
have_socat='no'
have_zzuf='no'
host='x86_64-apple-darwin13.3.0'
host_alias=''
host_cpu='x86_64'
host_os='darwin13.3.0'
host_vendor='apple'
htmldir='${docdir}'
includedir='${prefix}/include'
infodir='${datarootdir}/info'
install_sh='${SHELL} /Users/sagnitude/Desktop/workspace/test_projects/cchaosrng/lib/libmicrohttpd-0.9.37/install-sh'
libdir='${exec_prefix}/lib'
libexecdir='${exec_prefix}/libexec'
localedir='${datarootdir}/locale'
localstatedir='${prefix}/var'
lt_cv_objdir='.libs'
mandir='${datarootdir}/man'
mkdir_p='$(top_builddir)/./install-sh -c -d'
oldincludedir='/usr/include'
pdfdir='${docdir}'
prefix='/usr/local'
program_transform_name='s,x,x,'
psdir='${docdir}'
sbindir='${exec_prefix}/sbin'
sharedstatedir='${prefix}/com'
sysconfdir='${prefix}/etc'
target_alias=''

## ----------- ##
## confdefs.h. ##
## ----------- ##

/* confdefs.h */
#define PACKAGE_NAME "libmicrohttpd"
#define PACKAGE_TARNAME "libmicrohttpd"
#define PACKAGE_VERSION "0.9.37"
#define PACKAGE_STRING "libmicrohttpd 0.9.37"
#define PACKAGE_BUGREPORT "libmicrohttpd@gnu.org"
#define PACKAGE_URL ""
#define PACKAGE "libmicrohttpd"
#define VERSION "0.9.37"
#define STDC_HEADERS 1
#define HAVE_SYS_TYPES_H 1
#define HAVE_SYS_STAT_H 1
#define HAVE_STDLIB_H 1
#define HAVE_STRING_H 1
#define HAVE_MEMORY_H 1
#define HAVE_STRINGS_H 1
#define HAVE_INTTYPES_H 1
#define HAVE_STDINT_H 1
#define HAVE_UNISTD_H 1
#define HAVE_DLFCN_H 1
#define LT_OBJDIR ".libs/"
#define HAVE_PTHREAD_PRIO_INHERIT 1
#define OSX 1
#define MHD_USE_POSIX_THREADS 1
#define EPOLL_SUPPORT 0
#define HAVE_FCNTL_H 1
#define HAVE_MATH_H 1
#define HAVE_ERRNO_H 1
#define HAVE_LIMITS_H 1
#define HAVE_STDIO_H 1
#define HAVE_LOCALE_H 1
#define HAVE_SYS_STAT_H 1
#define HAVE_SYS_TYPES_H 1
#define HAVE_PTHREAD_H 1
#define HAVE_SYS_TYPES_H 1
#define HAVE_SYS_TIME_H 1
#define HAVE_SYS_MSG_H 1
#define HAVE_NETDB_H 1
#define HAVE_NETINET_IN_H 1
#define HAVE_NETINET_TCP_H 1
#define HAVE_TIME_H 1
#define HAVE_SYS_SOCKET_H 1
#define HAVE_SYS_MMAN_H 1
#define HAVE_ARPA_INET_H 1
#define HAVE_SYS_SELECT_H 1
#define HAVE_POLL_H 1
#define HAVE_SEARCH_H 1
#define HAVE_SOCKADDR_IN_SIN_LEN 1
#define HAVE_MEMMEM 1
#define HAVE_DECL_SOCK_NONBLOCK 0
#define HAVE_INET6 1
#define HAVE_DECL_TCP_CORK 0
#define HAVE_DECL_TCP_NOPUSH 1
#define _MHD_EXTERN __attribute__((visibility("default"))) extern
#define HAVE_LIBCURL 1
#define LIBCURL_FEATURE_SSL 1
#define LIBCURL_FEATURE_IPV6 1
#define LIBCURL_FEATURE_LIBZ 1
#define LIBCURL_FEATURE_ASYNCHDNS 1
#define LIBCURL_FEATURE_NTLM 1
#define LIBCURL_FEATURE_NTLM_WB 1
#define LIBCURL_PROTOCOL_DICT 1
#define LIBCURL_PROTOCOL_FILE 1
#define LIBCURL_PROTOCOL_FTP 1
#define LIBCURL_PROTOCOL_FTPS 1
#define LIBCURL_PROTOCOL_GOPHER 1
#define LIBCURL_PROTOCOL_HTTP 1
#define LIBCURL_PROTOCOL_HTTPS 1
#define LIBCURL_PROTOCOL_IMAP 1
#define LIBCURL_PROTOCOL_IMAPS 1
#define LIBCURL_PROTOCOL_LDAP 1
#define LIBCURL_PROTOCOL_LDAPS 1
#define LIBCURL_PROTOCOL_POP3 1
#define LIBCURL_PROTOCOL_POP3S 1
#define LIBCURL_PROTOCOL_RTSP 1
#define LIBCURL_PROTOCOL_SMTP 1
#define LIBCURL_PROTOCOL_SMTPS 1
#define LIBCURL_PROTOCOL_TELNET 1
#define LIBCURL_PROTOCOL_TFTP 1
#define MHD_REQ_CURL_VERSION "7.16.4"
#define MHD_REQ_CURL_OPENSSL_VERSION "0.9.8"
#define MHD_REQ_CURL_GNUTLS_VERSION "2.8.6"
#define MHD_REQ_CURL_NSS_VERSION "3.12.0"
#define SPDY_SUPPORT 0
#define HAVE_FSEEKO 1
#define HAVE_MESSAGES 1
#define HAVE_POSTPROCESSOR 1
#define HTTPS_SUPPORT 0
#define BAUTH_SUPPORT 1
#define DAUTH_SUPPORT 1

configure: exit 0
